2023-07-31 10:48:56,133 INFO  StartupInfoLogger:55 - [] Starting BookingApplication using Java 17.0.7 on LIN25004569 with PID 11996 (C:\Users\SUMBARAS\Downloads\Backend\Backend\Booking\target\classes started by sumbaras in C:\Users\SUMBARAS\Downloads\Backend\Backend\Booking)
2023-07-31 10:48:56,149 INFO  SpringApplication:640 - [] No active profile set, falling back to 1 default profile: "default"
2023-07-31 10:48:56,257 INFO  DeferredLog:255 - [] Devtools property defaults active! Set 'spring.devtools.add-properties' to 'false' to disable
2023-07-31 10:48:56,258 INFO  DeferredLog:255 - [] For additional web related logging consider setting the 'logging.level.web' property to 'DEBUG'
2023-07-31 10:48:57,289 INFO  RepositoryConfigurationDelegate:132 - [] Bootstrapping Spring Data MongoDB repositories in DEFAULT mode.
2023-07-31 10:48:57,439 INFO  RepositoryConfigurationDelegate:201 - [] Finished Spring Data repository scanning in 143 ms. Found 1 MongoDB repository interfaces.
2023-07-31 10:48:57,771 INFO  GenericScope:283 - [] BeanFactory id=72c04816-f6a5-348b-ba28-f311abe91a14
2023-07-31 10:48:58,492 INFO  TomcatWebServer:108 - [] Tomcat initialized with port(s): 8086 (http)
2023-07-31 10:48:58,502 INFO  DirectJDKLog:173 - [] Starting service [Tomcat]
2023-07-31 10:48:58,504 INFO  DirectJDKLog:173 - [] Starting Servlet engine: [Apache Tomcat/9.0.62]
2023-07-31 10:48:58,630 INFO  DirectJDKLog:173 - [] Initializing Spring embedded WebApplicationContext
2023-07-31 10:48:58,632 INFO  ServletWebServerApplicationContext:290 - [] Root WebApplicationContext: initialization completed in 2372 ms
2023-07-31 10:48:58,838 INFO  SLF4JLogger:71 - [] Cluster created with settings {hosts=[localhost:27017], mode=SINGLE, requiredClusterType=UNKNOWN, serverSelectionTimeout='30000 ms'}
2023-07-31 10:48:58,936 INFO  SLF4JLogger:71 - [] Opened connection [connectionId{localValue:1, serverValue:61}] to localhost:27017
2023-07-31 10:48:58,936 INFO  SLF4JLogger:71 - [] Opened connection [connectionId{localValue:2, serverValue:62}] to localhost:27017
2023-07-31 10:48:58,937 INFO  SLF4JLogger:71 - [] Monitor thread successfully connected to server with description ServerDescription{address=localhost:27017, type=STANDALONE, state=CONNECTED, ok=true, minWireVersion=0, maxWireVersion=17, maxDocumentSize=16777216, logicalSessionTimeoutMinutes=30, roundTripTimeNanos=28736500}
2023-07-31 10:48:59,006 WARN  CustomConversions:261 - [] Registering converter from class java.time.LocalDateTime to class org.joda.time.LocalDateTime as reading converter although it doesn't convert from a store-supported type! You might want to check your annotation setup at the converter implementation.
2023-07-31 10:48:59,141 WARN  OptionalLiveReloadServer:61 - [] Unable to start LiveReload server
2023-07-31 10:48:59,233 WARN  CustomConversions:261 - [] Registering converter from class java.time.LocalDateTime to class org.joda.time.LocalDateTime as reading converter although it doesn't convert from a store-supported type! You might want to check your annotation setup at the converter implementation.
2023-07-31 10:49:01,555 INFO  DiscoveryClientOptionalArgsConfiguration:68 - [] Eureka HTTP Client uses RestTemplate.
2023-07-31 10:49:01,892 WARN  LoadBalancerCacheAutoConfiguration$LoadBalancerCaffeineWarnLogger:82 - [] Spring Cloud LoadBalancer is currently working with the default cache. While this cache implementation is useful for development and tests, it's recommended to use Caffeine cache in production.You can switch to using Caffeine cache, by adding it and org.springframework.cache.caffeine.CaffeineCacheManager to the classpath.
2023-07-31 10:49:01,935 INFO  InstanceInfoFactory:67 - [] Setting initial instance status as: STARTING
2023-07-31 10:49:02,105 INFO  DiscoveryClient:372 - [] Initializing Eureka in region us-east-1
2023-07-31 10:49:02,118 INFO  ConfigClusterResolver:43 - [] Resolving eureka endpoints via configuration
2023-07-31 10:49:02,160 INFO  DiscoveryClient:1007 - [] Disable delta property : false
2023-07-31 10:49:02,161 INFO  DiscoveryClient:1008 - [] Single vip registry refresh property : null
2023-07-31 10:49:02,162 INFO  DiscoveryClient:1009 - [] Force full registry fetch : false
2023-07-31 10:49:02,162 INFO  DiscoveryClient:1010 - [] Application is null : false
2023-07-31 10:49:02,163 INFO  DiscoveryClient:1011 - [] Registered Applications size is zero : true
2023-07-31 10:49:02,164 INFO  DiscoveryClient:1013 - [] Application version is -1: true
2023-07-31 10:49:02,164 INFO  DiscoveryClient:1097 - [] Getting all instance registry info from the eureka server
2023-07-31 10:49:02,778 INFO  DiscoveryClient:1106 - [] The response status is 200
2023-07-31 10:49:02,784 INFO  DiscoveryClient:1321 - [] Starting heartbeat executor: renew interval is: 30
2023-07-31 10:49:02,791 INFO  InstanceInfoReplicator:60 - [] InstanceInfoReplicator onDemand update allowed rate per min is 4
2023-07-31 10:49:02,803 INFO  DiscoveryClient:492 - [] Discovery Client initialized at timestamp 1690780742801 with initial instances count: 2
2023-07-31 10:49:02,806 INFO  EurekaServiceRegistry:41 - [] Registering application BOOKINGDETAILS with eureka with status UP
2023-07-31 10:49:02,808 INFO  DiscoveryClient$3:1352 - [] Saw local status change event StatusChangeEvent [timestamp=1690780742808, current=UP, previous=STARTING]
2023-07-31 10:49:02,811 INFO  DiscoveryClient:873 - [] DiscoveryClient_BOOKINGDETAILS/LIN25004569.corp.capgemini.com:BookingDetails:8086: registering service...
2023-07-31 10:49:02,871 INFO  TomcatWebServer:220 - [] Tomcat started on port(s): 8086 (http) with context path ''
2023-07-31 10:49:02,874 INFO  EurekaAutoServiceRegistration:144 - [] Updating port to 8086
2023-07-31 10:49:02,902 INFO  DiscoveryClient:882 - [] DiscoveryClient_BOOKINGDETAILS/LIN25004569.corp.capgemini.com:BookingDetails:8086 - registration status: 204
2023-07-31 10:49:03,046 INFO  StartupInfoLogger:61 - [] Started BookingApplication in 7.652 seconds (JVM running for 8.578)
2023-07-31 10:54:02,006 INFO  ConfigClusterResolver:43 - [] Resolving eureka endpoints via configuration
2023-07-31 10:58:46,299 INFO  DirectJDKLog:173 - [] Initializing Spring DispatcherServlet 'dispatcherServlet'
2023-07-31 10:58:46,302 INFO  FrameworkServlet:525 - [] Initializing Servlet 'dispatcherServlet'
2023-07-31 10:58:46,306 INFO  FrameworkServlet:547 - [] Completed initialization in 3 ms
2023-07-31 10:58:46,454 INFO  BookingController:79 - [] [getorder/id] info message added
2023-07-31 10:58:46,461 DEBUG BookingController:80 - [] [getorder/id] debug message added
2023-07-31 10:58:46,599 INFO  SLF4JLogger:71 - [] Opened connection [connectionId{localValue:3, serverValue:71}] to localhost:27017
2023-07-31 10:59:01,985 INFO  ConfigClusterResolver:43 - [] Resolving eureka endpoints via configuration
2023-07-31 10:59:06,419 INFO  BookingController:42 - [] [bookticket/id/fare] info message added
2023-07-31 10:59:06,420 DEBUG BookingController:43 - [] [bookticket/id/fare] debug message added
2023-07-31 10:59:11,152 INFO  BookingController:79 - [] [getorder/id] info message added
2023-07-31 10:59:11,152 DEBUG BookingController:80 - [] [getorder/id] debug message added
2023-07-31 10:59:24,695 INFO  BookingController:79 - [] [getorder/id] info message added
2023-07-31 10:59:24,695 DEBUG BookingController:80 - [] [getorder/id] debug message added
2023-07-31 10:59:31,568 INFO  BookingController:79 - [] [getorder/id] info message added
2023-07-31 10:59:31,568 DEBUG BookingController:80 - [] [getorder/id] debug message added
2023-07-31 11:04:02,000 INFO  ConfigClusterResolver:43 - [] Resolving eureka endpoints via configuration
2023-07-31 11:09:02,018 INFO  ConfigClusterResolver:43 - [] Resolving eureka endpoints via configuration
2023-07-31 11:14:02,027 INFO  ConfigClusterResolver:43 - [] Resolving eureka endpoints via configuration
2023-07-31 11:19:02,034 INFO  ConfigClusterResolver:43 - [] Resolving eureka endpoints via configuration
2023-07-31 11:24:02,051 INFO  ConfigClusterResolver:43 - [] Resolving eureka endpoints via configuration
2023-07-31 11:29:02,057 INFO  ConfigClusterResolver:43 - [] Resolving eureka endpoints via configuration
2023-07-31 11:34:02,070 INFO  ConfigClusterResolver:43 - [] Resolving eureka endpoints via configuration
2023-07-31 11:39:02,078 INFO  ConfigClusterResolver:43 - [] Resolving eureka endpoints via configuration
2023-07-31 11:44:02,085 INFO  ConfigClusterResolver:43 - [] Resolving eureka endpoints via configuration
2023-07-31 11:49:02,092 INFO  ConfigClusterResolver:43 - [] Resolving eureka endpoints via configuration
2023-07-31 11:54:02,107 INFO  ConfigClusterResolver:43 - [] Resolving eureka endpoints via configuration
2023-07-31 11:59:02,113 INFO  ConfigClusterResolver:43 - [] Resolving eureka endpoints via configuration
2023-07-31 12:04:02,128 INFO  ConfigClusterResolver:43 - [] Resolving eureka endpoints via configuration
2023-07-31 12:09:02,139 INFO  ConfigClusterResolver:43 - [] Resolving eureka endpoints via configuration
2023-07-31 12:14:02,147 INFO  ConfigClusterResolver:43 - [] Resolving eureka endpoints via configuration
2023-07-31 12:19:02,166 INFO  ConfigClusterResolver:43 - [] Resolving eureka endpoints via configuration
2023-07-31 12:24:02,175 INFO  ConfigClusterResolver:43 - [] Resolving eureka endpoints via configuration
2023-07-31 12:29:02,189 INFO  ConfigClusterResolver:43 - [] Resolving eureka endpoints via configuration
2023-07-31 12:34:02,206 INFO  ConfigClusterResolver:43 - [] Resolving eureka endpoints via configuration
2023-07-31 12:39:02,211 INFO  ConfigClusterResolver:43 - [] Resolving eureka endpoints via configuration
2023-07-31 12:44:02,219 INFO  ConfigClusterResolver:43 - [] Resolving eureka endpoints via configuration
2023-07-31 12:49:02,232 INFO  ConfigClusterResolver:43 - [] Resolving eureka endpoints via configuration
2023-07-31 12:54:02,235 INFO  ConfigClusterResolver:43 - [] Resolving eureka endpoints via configuration
2023-07-31 12:59:02,250 INFO  ConfigClusterResolver:43 - [] Resolving eureka endpoints via configuration
2023-07-31 12:59:36,419 INFO  RedirectingEurekaHttpClient:93 - [] Request execution error. endpoint=DefaultEndpoint{ serviceUrl='http://localhost:8761/eureka/} exception=I/O error on PUT request for "http://localhost:8761/eureka/apps/BOOKINGDETAILS/LIN25004569.corp.capgemini.com:BookingDetails:8086": Connect to localhost:8761 [localhost/127.0.0.1, localhost/0:0:0:0:0:0:0:1] failed: Connection refused: connect; nested exception is org.apache.http.conn.HttpHostConnectException: Connect to localhost:8761 [localhost/127.0.0.1, localhost/0:0:0:0:0:0:0:1] failed: Connection refused: connect stacktrace=org.springframework.web.client.ResourceAccessException: I/O error on PUT request for "http://localhost:8761/eureka/apps/BOOKINGDETAILS/LIN25004569.corp.capgemini.com:BookingDetails:8086": Connect to localhost:8761 [localhost/127.0.0.1, localhost/0:0:0:0:0:0:0:1] failed: Connection refused: connect; nested exception is org.apache.http.conn.HttpHostConnectException: Connect to localhost:8761 [localhost/127.0.0.1, localhost/0:0:0:0:0:0:0:1] failed: Connection refused: connect
	at org.springframework.web.client.RestTemplate.doExecute(RestTemplate.java:785)
	at org.springframework.web.client.RestTemplate.execute(RestTemplate.java:711)
	at org.springframework.web.client.RestTemplate.exchange(RestTemplate.java:602)
	at org.springframework.cloud.netflix.eureka.http.RestTemplateEurekaHttpClient.sendHeartBeat(RestTemplateEurekaHttpClient.java:99)
	at com.netflix.discovery.shared.transport.decorator.EurekaHttpClientDecorator$3.execute(EurekaHttpClientDecorator.java:92)
	at com.netflix.discovery.shared.transport.decorator.RedirectingEurekaHttpClient.execute(RedirectingEurekaHttpClient.java:91)
	at com.netflix.discovery.shared.transport.decorator.EurekaHttpClientDecorator.sendHeartBeat(EurekaHttpClientDecorator.java:89)
	at com.netflix.discovery.shared.transport.decorator.EurekaHttpClientDecorator$3.execute(EurekaHttpClientDecorator.java:92)
	at com.netflix.discovery.shared.transport.decorator.RetryableEurekaHttpClient.execute(RetryableEurekaHttpClient.java:120)
	at com.netflix.discovery.shared.transport.decorator.EurekaHttpClientDecorator.sendHeartBeat(EurekaHttpClientDecorator.java:89)
	at com.netflix.discovery.shared.transport.decorator.EurekaHttpClientDecorator$3.execute(EurekaHttpClientDecorator.java:92)
	at com.netflix.discovery.shared.transport.decorator.SessionedEurekaHttpClient.execute(SessionedEurekaHttpClient.java:77)
	at com.netflix.discovery.shared.transport.decorator.EurekaHttpClientDecorator.sendHeartBeat(EurekaHttpClientDecorator.java:89)
	at com.netflix.discovery.DiscoveryClient.renew(DiscoveryClient.java:893)
	at com.netflix.discovery.DiscoveryClient$HeartbeatThread.run(DiscoveryClient.java:1457)
	at java.base/java.util.concurrent.Executors$RunnableAdapter.call(Executors.java:539)
	at java.base/java.util.concurrent.FutureTask.run(FutureTask.java:264)
	at java.base/java.util.concurrent.ThreadPoolExecutor.runWorker(ThreadPoolExecutor.java:1136)
	at java.base/java.util.concurrent.ThreadPoolExecutor$Worker.run(ThreadPoolExecutor.java:635)
	at java.base/java.lang.Thread.run(Thread.java:833)
Caused by: org.apache.http.conn.HttpHostConnectException: Connect to localhost:8761 [localhost/127.0.0.1, localhost/0:0:0:0:0:0:0:1] failed: Connection refused: connect
	at org.apache.http.impl.conn.DefaultHttpClientConnectionOperator.connect(DefaultHttpClientConnectionOperator.java:156)
	at org.apache.http.impl.conn.PoolingHttpClientConnectionManager.connect(PoolingHttpClientConnectionManager.java:376)
	at org.apache.http.impl.execchain.MainClientExec.establishRoute(MainClientExec.java:393)
	at org.apache.http.impl.execchain.MainClientExec.execute(MainClientExec.java:236)
	at org.apache.http.impl.execchain.ProtocolExec.execute(ProtocolExec.java:186)
	at org.apache.http.impl.execchain.RetryExec.execute(RetryExec.java:89)
	at org.apache.http.impl.execchain.RedirectExec.execute(RedirectExec.java:110)
	at org.apache.http.impl.client.InternalHttpClient.doExecute(InternalHttpClient.java:185)
	at org.apache.http.impl.client.CloseableHttpClient.execute(CloseableHttpClient.java:83)
	at org.apache.http.impl.client.CloseableHttpClient.execute(CloseableHttpClient.java:56)
	at org.springframework.http.client.HttpComponentsClientHttpRequest.executeInternal(HttpComponentsClientHttpRequest.java:87)
	at org.springframework.http.client.AbstractBufferingClientHttpRequest.executeInternal(AbstractBufferingClientHttpRequest.java:48)
	at org.springframework.http.client.AbstractClientHttpRequest.execute(AbstractClientHttpRequest.java:66)
	at org.springframework.web.client.RestTemplate.doExecute(RestTemplate.java:776)
	... 19 more
Caused by: java.net.ConnectException: Connection refused: connect
	at java.base/sun.nio.ch.Net.connect0(Native Method)
	at java.base/sun.nio.ch.Net.connect(Net.java:579)
	at java.base/sun.nio.ch.Net.connect(Net.java:568)
	at java.base/sun.nio.ch.NioSocketImpl.connect(NioSocketImpl.java:588)
	at java.base/java.net.SocksSocketImpl.connect(SocksSocketImpl.java:327)
	at java.base/java.net.Socket.connect(Socket.java:633)
	at org.apache.http.conn.socket.PlainConnectionSocketFactory.connectSocket(PlainConnectionSocketFactory.java:75)
	at org.apache.http.impl.conn.DefaultHttpClientConnectionOperator.connect(DefaultHttpClientConnectionOperator.java:142)
	... 32 more

2023-07-31 12:59:36,419 INFO  RedirectingEurekaHttpClient:93 - [] Request execution error. endpoint=DefaultEndpoint{ serviceUrl='http://localhost:8761/eureka/} exception=I/O error on GET request for "http://localhost:8761/eureka/apps/delta": Connect to localhost:8761 [localhost/127.0.0.1, localhost/0:0:0:0:0:0:0:1] failed: Connection refused: connect; nested exception is org.apache.http.conn.HttpHostConnectException: Connect to localhost:8761 [localhost/127.0.0.1, localhost/0:0:0:0:0:0:0:1] failed: Connection refused: connect stacktrace=org.springframework.web.client.ResourceAccessException: I/O error on GET request for "http://localhost:8761/eureka/apps/delta": Connect to localhost:8761 [localhost/127.0.0.1, localhost/0:0:0:0:0:0:0:1] failed: Connection refused: connect; nested exception is org.apache.http.conn.HttpHostConnectException: Connect to localhost:8761 [localhost/127.0.0.1, localhost/0:0:0:0:0:0:0:1] failed: Connection refused: connect
	at org.springframework.web.client.RestTemplate.doExecute(RestTemplate.java:785)
	at org.springframework.web.client.RestTemplate.execute(RestTemplate.java:711)
	at org.springframework.web.client.RestTemplate.exchange(RestTemplate.java:602)
	at org.springframework.cloud.netflix.eureka.http.RestTemplateEurekaHttpClient.getApplicationsInternal(RestTemplateEurekaHttpClient.java:145)
	at org.springframework.cloud.netflix.eureka.http.RestTemplateEurekaHttpClient.getDelta(RestTemplateEurekaHttpClient.java:155)
	at com.netflix.discovery.shared.transport.decorator.EurekaHttpClientDecorator$7.execute(EurekaHttpClientDecorator.java:152)
	at com.netflix.discovery.shared.transport.decorator.RedirectingEurekaHttpClient.execute(RedirectingEurekaHttpClient.java:91)
	at com.netflix.discovery.shared.transport.decorator.EurekaHttpClientDecorator.getDelta(EurekaHttpClientDecorator.java:149)
	at com.netflix.discovery.shared.transport.decorator.EurekaHttpClientDecorator$7.execute(EurekaHttpClientDecorator.java:152)
	at com.netflix.discovery.shared.transport.decorator.RetryableEurekaHttpClient.execute(RetryableEurekaHttpClient.java:120)
	at com.netflix.discovery.shared.transport.decorator.EurekaHttpClientDecorator.getDelta(EurekaHttpClientDecorator.java:149)
	at com.netflix.discovery.shared.transport.decorator.EurekaHttpClientDecorator$7.execute(EurekaHttpClientDecorator.java:152)
	at com.netflix.discovery.shared.transport.decorator.SessionedEurekaHttpClient.execute(SessionedEurekaHttpClient.java:77)
	at com.netflix.discovery.shared.transport.decorator.EurekaHttpClientDecorator.getDelta(EurekaHttpClientDecorator.java:149)
	at com.netflix.discovery.DiscoveryClient.getAndUpdateDelta(DiscoveryClient.java:1135)
	at com.netflix.discovery.DiscoveryClient.fetchRegistry(DiscoveryClient.java:1016)
	at com.netflix.discovery.DiscoveryClient.refreshRegistry(DiscoveryClient.java:1531)
	at com.netflix.discovery.DiscoveryClient$CacheRefreshThread.run(DiscoveryClient.java:1498)
	at java.base/java.util.concurrent.Executors$RunnableAdapter.call(Executors.java:539)
	at java.base/java.util.concurrent.FutureTask.run(FutureTask.java:264)
	at java.base/java.util.concurrent.ThreadPoolExecutor.runWorker(ThreadPoolExecutor.java:1136)
	at java.base/java.util.concurrent.ThreadPoolExecutor$Worker.run(ThreadPoolExecutor.java:635)
	at java.base/java.lang.Thread.run(Thread.java:833)
Caused by: org.apache.http.conn.HttpHostConnectException: Connect to localhost:8761 [localhost/127.0.0.1, localhost/0:0:0:0:0:0:0:1] failed: Connection refused: connect
	at org.apache.http.impl.conn.DefaultHttpClientConnectionOperator.connect(DefaultHttpClientConnectionOperator.java:156)
	at org.apache.http.impl.conn.PoolingHttpClientConnectionManager.connect(PoolingHttpClientConnectionManager.java:376)
	at org.apache.http.impl.execchain.MainClientExec.establishRoute(MainClientExec.java:393)
	at org.apache.http.impl.execchain.MainClientExec.execute(MainClientExec.java:236)
	at org.apache.http.impl.execchain.ProtocolExec.execute(ProtocolExec.java:186)
	at org.apache.http.impl.execchain.RetryExec.execute(RetryExec.java:89)
	at org.apache.http.impl.execchain.RedirectExec.execute(RedirectExec.java:110)
	at org.apache.http.impl.client.InternalHttpClient.doExecute(InternalHttpClient.java:185)
	at org.apache.http.impl.client.CloseableHttpClient.execute(CloseableHttpClient.java:83)
	at org.apache.http.impl.client.CloseableHttpClient.execute(CloseableHttpClient.java:56)
	at org.springframework.http.client.HttpComponentsClientHttpRequest.executeInternal(HttpComponentsClientHttpRequest.java:87)
	at org.springframework.http.client.AbstractBufferingClientHttpRequest.executeInternal(AbstractBufferingClientHttpRequest.java:48)
	at org.springframework.http.client.AbstractClientHttpRequest.execute(AbstractClientHttpRequest.java:66)
	at org.springframework.web.client.RestTemplate.doExecute(RestTemplate.java:776)
	... 22 more
Caused by: java.net.ConnectException: Connection refused: connect
	at java.base/sun.nio.ch.Net.connect0(Native Method)
	at java.base/sun.nio.ch.Net.connect(Net.java:579)
	at java.base/sun.nio.ch.Net.connect(Net.java:568)
	at java.base/sun.nio.ch.NioSocketImpl.connect(NioSocketImpl.java:588)
	at java.base/java.net.SocksSocketImpl.connect(SocksSocketImpl.java:327)
	at java.base/java.net.Socket.connect(Socket.java:633)
	at org.apache.http.conn.socket.PlainConnectionSocketFactory.connectSocket(PlainConnectionSocketFactory.java:75)
	at org.apache.http.impl.conn.DefaultHttpClientConnectionOperator.connect(DefaultHttpClientConnectionOperator.java:142)
	... 35 more

2023-07-31 12:59:36,420 WARN  RetryableEurekaHttpClient:130 - [] Request execution failed with message: I/O error on PUT request for "http://localhost:8761/eureka/apps/BOOKINGDETAILS/LIN25004569.corp.capgemini.com:BookingDetails:8086": Connect to localhost:8761 [localhost/127.0.0.1, localhost/0:0:0:0:0:0:0:1] failed: Connection refused: connect; nested exception is org.apache.http.conn.HttpHostConnectException: Connect to localhost:8761 [localhost/127.0.0.1, localhost/0:0:0:0:0:0:0:1] failed: Connection refused: connect
2023-07-31 12:59:36,420 WARN  RetryableEurekaHttpClient:130 - [] Request execution failed with message: I/O error on GET request for "http://localhost:8761/eureka/apps/delta": Connect to localhost:8761 [localhost/127.0.0.1, localhost/0:0:0:0:0:0:0:1] failed: Connection refused: connect; nested exception is org.apache.http.conn.HttpHostConnectException: Connect to localhost:8761 [localhost/127.0.0.1, localhost/0:0:0:0:0:0:0:1] failed: Connection refused: connect
2023-07-31 12:59:36,431 INFO  RedirectingEurekaHttpClient:84 - [] Request execution error. endpoint=DefaultEndpoint{ serviceUrl='http://localhost:8761/eureka/}, exception=I/O error on PUT request for "http://localhost:8761/eureka/apps/BOOKINGDETAILS/LIN25004569.corp.capgemini.com:BookingDetails:8086": Connect to localhost:8761 [localhost/127.0.0.1, localhost/0:0:0:0:0:0:0:1] failed: Connection refused: connect; nested exception is org.apache.http.conn.HttpHostConnectException: Connect to localhost:8761 [localhost/127.0.0.1, localhost/0:0:0:0:0:0:0:1] failed: Connection refused: connect stacktrace=org.springframework.web.client.ResourceAccessException: I/O error on PUT request for "http://localhost:8761/eureka/apps/BOOKINGDETAILS/LIN25004569.corp.capgemini.com:BookingDetails:8086": Connect to localhost:8761 [localhost/127.0.0.1, localhost/0:0:0:0:0:0:0:1] failed: Connection refused: connect; nested exception is org.apache.http.conn.HttpHostConnectException: Connect to localhost:8761 [localhost/127.0.0.1, localhost/0:0:0:0:0:0:0:1] failed: Connection refused: connect
	at org.springframework.web.client.RestTemplate.doExecute(RestTemplate.java:785)
	at org.springframework.web.client.RestTemplate.execute(RestTemplate.java:711)
	at org.springframework.web.client.RestTemplate.exchange(RestTemplate.java:602)
	at org.springframework.cloud.netflix.eureka.http.RestTemplateEurekaHttpClient.sendHeartBeat(RestTemplateEurekaHttpClient.java:99)
	at com.netflix.discovery.shared.transport.decorator.EurekaHttpClientDecorator$3.execute(EurekaHttpClientDecorator.java:92)
	at com.netflix.discovery.shared.transport.decorator.RedirectingEurekaHttpClient.executeOnNewServer(RedirectingEurekaHttpClient.java:121)
	at com.netflix.discovery.shared.transport.decorator.RedirectingEurekaHttpClient.execute(RedirectingEurekaHttpClient.java:80)
	at com.netflix.discovery.shared.transport.decorator.EurekaHttpClientDecorator.sendHeartBeat(EurekaHttpClientDecorator.java:89)
	at com.netflix.discovery.shared.transport.decorator.EurekaHttpClientDecorator$3.execute(EurekaHttpClientDecorator.java:92)
	at com.netflix.discovery.shared.transport.decorator.RetryableEurekaHttpClient.execute(RetryableEurekaHttpClient.java:120)
	at com.netflix.discovery.shared.transport.decorator.EurekaHttpClientDecorator.sendHeartBeat(EurekaHttpClientDecorator.java:89)
	at com.netflix.discovery.shared.transport.decorator.EurekaHttpClientDecorator$3.execute(EurekaHttpClientDecorator.java:92)
	at com.netflix.discovery.shared.transport.decorator.SessionedEurekaHttpClient.execute(SessionedEurekaHttpClient.java:77)
	at com.netflix.discovery.shared.transport.decorator.EurekaHttpClientDecorator.sendHeartBeat(EurekaHttpClientDecorator.java:89)
	at com.netflix.discovery.DiscoveryClient.renew(DiscoveryClient.java:893)
	at com.netflix.discovery.DiscoveryClient$HeartbeatThread.run(DiscoveryClient.java:1457)
	at java.base/java.util.concurrent.Executors$RunnableAdapter.call(Executors.java:539)
	at java.base/java.util.concurrent.FutureTask.run(FutureTask.java:264)
	at java.base/java.util.concurrent.ThreadPoolExecutor.runWorker(ThreadPoolExecutor.java:1136)
	at java.base/java.util.concurrent.ThreadPoolExecutor$Worker.run(ThreadPoolExecutor.java:635)
	at java.base/java.lang.Thread.run(Thread.java:833)
Caused by: org.apache.http.conn.HttpHostConnectException: Connect to localhost:8761 [localhost/127.0.0.1, localhost/0:0:0:0:0:0:0:1] failed: Connection refused: connect
	at org.apache.http.impl.conn.DefaultHttpClientConnectionOperator.connect(DefaultHttpClientConnectionOperator.java:156)
	at org.apache.http.impl.conn.PoolingHttpClientConnectionManager.connect(PoolingHttpClientConnectionManager.java:376)
	at org.apache.http.impl.execchain.MainClientExec.establishRoute(MainClientExec.java:393)
	at org.apache.http.impl.execchain.MainClientExec.execute(MainClientExec.java:236)
	at org.apache.http.impl.execchain.ProtocolExec.execute(ProtocolExec.java:186)
	at org.apache.http.impl.execchain.RetryExec.execute(RetryExec.java:89)
	at org.apache.http.impl.execchain.RedirectExec.execute(RedirectExec.java:110)
	at org.apache.http.impl.client.InternalHttpClient.doExecute(InternalHttpClient.java:185)
	at org.apache.http.impl.client.CloseableHttpClient.execute(CloseableHttpClient.java:83)
	at org.apache.http.impl.client.CloseableHttpClient.execute(CloseableHttpClient.java:56)
	at org.springframework.http.client.HttpComponentsClientHttpRequest.executeInternal(HttpComponentsClientHttpRequest.java:87)
	at org.springframework.http.client.AbstractBufferingClientHttpRequest.executeInternal(AbstractBufferingClientHttpRequest.java:48)
	at org.springframework.http.client.AbstractClientHttpRequest.execute(AbstractClientHttpRequest.java:66)
	at org.springframework.web.client.RestTemplate.doExecute(RestTemplate.java:776)
	... 20 more
Caused by: java.net.ConnectException: Connection refused: connect
	at java.base/sun.nio.ch.Net.connect0(Native Method)
	at java.base/sun.nio.ch.Net.connect(Net.java:579)
	at java.base/sun.nio.ch.Net.connect(Net.java:568)
	at java.base/sun.nio.ch.NioSocketImpl.connect(NioSocketImpl.java:588)
	at java.base/java.net.SocksSocketImpl.connect(SocksSocketImpl.java:327)
	at java.base/java.net.Socket.connect(Socket.java:633)
	at org.apache.http.conn.socket.PlainConnectionSocketFactory.connectSocket(PlainConnectionSocketFactory.java:75)
	at org.apache.http.impl.conn.DefaultHttpClientConnectionOperator.connect(DefaultHttpClientConnectionOperator.java:142)
	... 33 more

2023-07-31 12:59:36,431 INFO  RedirectingEurekaHttpClient:84 - [] Request execution error. endpoint=DefaultEndpoint{ serviceUrl='http://localhost:8761/eureka/}, exception=I/O error on GET request for "http://localhost:8761/eureka/apps/delta": Connect to localhost:8761 [localhost/127.0.0.1, localhost/0:0:0:0:0:0:0:1] failed: Connection refused: connect; nested exception is org.apache.http.conn.HttpHostConnectException: Connect to localhost:8761 [localhost/127.0.0.1, localhost/0:0:0:0:0:0:0:1] failed: Connection refused: connect stacktrace=org.springframework.web.client.ResourceAccessException: I/O error on GET request for "http://localhost:8761/eureka/apps/delta": Connect to localhost:8761 [localhost/127.0.0.1, localhost/0:0:0:0:0:0:0:1] failed: Connection refused: connect; nested exception is org.apache.http.conn.HttpHostConnectException: Connect to localhost:8761 [localhost/127.0.0.1, localhost/0:0:0:0:0:0:0:1] failed: Connection refused: connect
	at org.springframework.web.client.RestTemplate.doExecute(RestTemplate.java:785)
	at org.springframework.web.client.RestTemplate.execute(RestTemplate.java:711)
	at org.springframework.web.client.RestTemplate.exchange(RestTemplate.java:602)
	at org.springframework.cloud.netflix.eureka.http.RestTemplateEurekaHttpClient.getApplicationsInternal(RestTemplateEurekaHttpClient.java:145)
	at org.springframework.cloud.netflix.eureka.http.RestTemplateEurekaHttpClient.getDelta(RestTemplateEurekaHttpClient.java:155)
	at com.netflix.discovery.shared.transport.decorator.EurekaHttpClientDecorator$7.execute(EurekaHttpClientDecorator.java:152)
	at com.netflix.discovery.shared.transport.decorator.RedirectingEurekaHttpClient.executeOnNewServer(RedirectingEurekaHttpClient.java:121)
	at com.netflix.discovery.shared.transport.decorator.RedirectingEurekaHttpClient.execute(RedirectingEurekaHttpClient.java:80)
	at com.netflix.discovery.shared.transport.decorator.EurekaHttpClientDecorator.getDelta(EurekaHttpClientDecorator.java:149)
	at com.netflix.discovery.shared.transport.decorator.EurekaHttpClientDecorator$7.execute(EurekaHttpClientDecorator.java:152)
	at com.netflix.discovery.shared.transport.decorator.RetryableEurekaHttpClient.execute(RetryableEurekaHttpClient.java:120)
	at com.netflix.discovery.shared.transport.decorator.EurekaHttpClientDecorator.getDelta(EurekaHttpClientDecorator.java:149)
	at com.netflix.discovery.shared.transport.decorator.EurekaHttpClientDecorator$7.execute(EurekaHttpClientDecorator.java:152)
	at com.netflix.discovery.shared.transport.decorator.SessionedEurekaHttpClient.execute(SessionedEurekaHttpClient.java:77)
	at com.netflix.discovery.shared.transport.decorator.EurekaHttpClientDecorator.getDelta(EurekaHttpClientDecorator.java:149)
	at com.netflix.discovery.DiscoveryClient.getAndUpdateDelta(DiscoveryClient.java:1135)
	at com.netflix.discovery.DiscoveryClient.fetchRegistry(DiscoveryClient.java:1016)
	at com.netflix.discovery.DiscoveryClient.refreshRegistry(DiscoveryClient.java:1531)
	at com.netflix.discovery.DiscoveryClient$CacheRefreshThread.run(DiscoveryClient.java:1498)
	at java.base/java.util.concurrent.Executors$RunnableAdapter.call(Executors.java:539)
	at java.base/java.util.concurrent.FutureTask.run(FutureTask.java:264)
	at java.base/java.util.concurrent.ThreadPoolExecutor.runWorker(ThreadPoolExecutor.java:1136)
	at java.base/java.util.concurrent.ThreadPoolExecutor$Worker.run(ThreadPoolExecutor.java:635)
	at java.base/java.lang.Thread.run(Thread.java:833)
Caused by: org.apache.http.conn.HttpHostConnectException: Connect to localhost:8761 [localhost/127.0.0.1, localhost/0:0:0:0:0:0:0:1] failed: Connection refused: connect
	at org.apache.http.impl.conn.DefaultHttpClientConnectionOperator.connect(DefaultHttpClientConnectionOperator.java:156)
	at org.apache.http.impl.conn.PoolingHttpClientConnectionManager.connect(PoolingHttpClientConnectionManager.java:376)
	at org.apache.http.impl.execchain.MainClientExec.establishRoute(MainClientExec.java:393)
	at org.apache.http.impl.execchain.MainClientExec.execute(MainClientExec.java:236)
	at org.apache.http.impl.execchain.ProtocolExec.execute(ProtocolExec.java:186)
	at org.apache.http.impl.execchain.RetryExec.execute(RetryExec.java:89)
	at org.apache.http.impl.execchain.RedirectExec.execute(RedirectExec.java:110)
	at org.apache.http.impl.client.InternalHttpClient.doExecute(InternalHttpClient.java:185)
	at org.apache.http.impl.client.CloseableHttpClient.execute(CloseableHttpClient.java:83)
	at org.apache.http.impl.client.CloseableHttpClient.execute(CloseableHttpClient.java:56)
	at org.springframework.http.client.HttpComponentsClientHttpRequest.executeInternal(HttpComponentsClientHttpRequest.java:87)
	at org.springframework.http.client.AbstractBufferingClientHttpRequest.executeInternal(AbstractBufferingClientHttpRequest.java:48)
	at org.springframework.http.client.AbstractClientHttpRequest.execute(AbstractClientHttpRequest.java:66)
	at org.springframework.web.client.RestTemplate.doExecute(RestTemplate.java:776)
	... 23 more
Caused by: java.net.ConnectException: Connection refused: connect
	at java.base/sun.nio.ch.Net.connect0(Native Method)
	at java.base/sun.nio.ch.Net.connect(Net.java:579)
	at java.base/sun.nio.ch.Net.connect(Net.java:568)
	at java.base/sun.nio.ch.NioSocketImpl.connect(NioSocketImpl.java:588)
	at java.base/java.net.SocksSocketImpl.connect(SocksSocketImpl.java:327)
	at java.base/java.net.Socket.connect(Socket.java:633)
	at org.apache.http.conn.socket.PlainConnectionSocketFactory.connectSocket(PlainConnectionSocketFactory.java:75)
	at org.apache.http.impl.conn.DefaultHttpClientConnectionOperator.connect(DefaultHttpClientConnectionOperator.java:142)
	... 36 more

2023-07-31 12:59:36,432 WARN  RetryableEurekaHttpClient:130 - [] Request execution failed with message: I/O error on PUT request for "http://localhost:8761/eureka/apps/BOOKINGDETAILS/LIN25004569.corp.capgemini.com:BookingDetails:8086": Connect to localhost:8761 [localhost/127.0.0.1, localhost/0:0:0:0:0:0:0:1] failed: Connection refused: connect; nested exception is org.apache.http.conn.HttpHostConnectException: Connect to localhost:8761 [localhost/127.0.0.1, localhost/0:0:0:0:0:0:0:1] failed: Connection refused: connect
2023-07-31 12:59:36,432 WARN  RetryableEurekaHttpClient:130 - [] Request execution failed with message: I/O error on GET request for "http://localhost:8761/eureka/apps/delta": Connect to localhost:8761 [localhost/127.0.0.1, localhost/0:0:0:0:0:0:0:1] failed: Connection refused: connect; nested exception is org.apache.http.conn.HttpHostConnectException: Connect to localhost:8761 [localhost/127.0.0.1, localhost/0:0:0:0:0:0:0:1] failed: Connection refused: connect
2023-07-31 12:59:36,433 INFO  DiscoveryClient:1021 - [] DiscoveryClient_BOOKINGDETAILS/LIN25004569.corp.capgemini.com:BookingDetails:8086 - was unable to refresh its cache! This periodic background refresh will be retried in 30 seconds. status = Cannot execute request on any known server stacktrace = com.netflix.discovery.shared.transport.TransportException: Cannot execute request on any known server
	at com.netflix.discovery.shared.transport.decorator.RetryableEurekaHttpClient.execute(RetryableEurekaHttpClient.java:112)
	at com.netflix.discovery.shared.transport.decorator.EurekaHttpClientDecorator.getDelta(EurekaHttpClientDecorator.java:149)
	at com.netflix.discovery.shared.transport.decorator.EurekaHttpClientDecorator$7.execute(EurekaHttpClientDecorator.java:152)
	at com.netflix.discovery.shared.transport.decorator.SessionedEurekaHttpClient.execute(SessionedEurekaHttpClient.java:77)
	at com.netflix.discovery.shared.transport.decorator.EurekaHttpClientDecorator.getDelta(EurekaHttpClientDecorator.java:149)
	at com.netflix.discovery.DiscoveryClient.getAndUpdateDelta(DiscoveryClient.java:1135)
	at com.netflix.discovery.DiscoveryClient.fetchRegistry(DiscoveryClient.java:1016)
	at com.netflix.discovery.DiscoveryClient.refreshRegistry(DiscoveryClient.java:1531)
	at com.netflix.discovery.DiscoveryClient$CacheRefreshThread.run(DiscoveryClient.java:1498)
	at java.base/java.util.concurrent.Executors$RunnableAdapter.call(Executors.java:539)
	at java.base/java.util.concurrent.FutureTask.run(FutureTask.java:264)
	at java.base/java.util.concurrent.ThreadPoolExecutor.runWorker(ThreadPoolExecutor.java:1136)
	at java.base/java.util.concurrent.ThreadPoolExecutor$Worker.run(ThreadPoolExecutor.java:635)
	at java.base/java.lang.Thread.run(Thread.java:833)

2023-07-31 12:59:36,440 ERROR DiscoveryClient:907 - [] DiscoveryClient_BOOKINGDETAILS/LIN25004569.corp.capgemini.com:BookingDetails:8086 - was unable to send heartbeat!
com.netflix.discovery.shared.transport.TransportException: Cannot execute request on any known server
	at com.netflix.discovery.shared.transport.decorator.RetryableEurekaHttpClient.execute(RetryableEurekaHttpClient.java:112)
	at com.netflix.discovery.shared.transport.decorator.EurekaHttpClientDecorator.sendHeartBeat(EurekaHttpClientDecorator.java:89)
	at com.netflix.discovery.shared.transport.decorator.EurekaHttpClientDecorator$3.execute(EurekaHttpClientDecorator.java:92)
	at com.netflix.discovery.shared.transport.decorator.SessionedEurekaHttpClient.execute(SessionedEurekaHttpClient.java:77)
	at com.netflix.discovery.shared.transport.decorator.EurekaHttpClientDecorator.sendHeartBeat(EurekaHttpClientDecorator.java:89)
	at com.netflix.discovery.DiscoveryClient.renew(DiscoveryClient.java:893)
	at com.netflix.discovery.DiscoveryClient$HeartbeatThread.run(DiscoveryClient.java:1457)
	at java.base/java.util.concurrent.Executors$RunnableAdapter.call(Executors.java:539)
	at java.base/java.util.concurrent.FutureTask.run(FutureTask.java:264)
	at java.base/java.util.concurrent.ThreadPoolExecutor.runWorker(ThreadPoolExecutor.java:1136)
	at java.base/java.util.concurrent.ThreadPoolExecutor$Worker.run(ThreadPoolExecutor.java:635)
	at java.base/java.lang.Thread.run(Thread.java:833)
2023-07-31 13:00:36,252 INFO  StartupInfoLogger:55 - [] Starting BookingApplication using Java 17.0.7 on LIN25004569 with PID 10968 (C:\Users\SUMBARAS\Downloads\Backend\Backend\Booking\target\classes started by sumbaras in C:\Users\SUMBARAS\Downloads\Backend\Backend\Booking)
2023-07-31 13:00:36,254 INFO  SpringApplication:640 - [] No active profile set, falling back to 1 default profile: "default"
2023-07-31 13:00:36,319 INFO  DeferredLog:255 - [] Devtools property defaults active! Set 'spring.devtools.add-properties' to 'false' to disable
2023-07-31 13:00:36,320 INFO  DeferredLog:255 - [] For additional web related logging consider setting the 'logging.level.web' property to 'DEBUG'
2023-07-31 13:00:37,029 INFO  RepositoryConfigurationDelegate:132 - [] Bootstrapping Spring Data MongoDB repositories in DEFAULT mode.
2023-07-31 13:00:37,173 INFO  RepositoryConfigurationDelegate:201 - [] Finished Spring Data repository scanning in 139 ms. Found 1 MongoDB repository interfaces.
2023-07-31 13:00:37,461 INFO  GenericScope:283 - [] BeanFactory id=72c04816-f6a5-348b-ba28-f311abe91a14
2023-07-31 13:00:38,143 INFO  TomcatWebServer:108 - [] Tomcat initialized with port(s): 8086 (http)
2023-07-31 13:00:38,156 INFO  DirectJDKLog:173 - [] Starting service [Tomcat]
2023-07-31 13:00:38,157 INFO  DirectJDKLog:173 - [] Starting Servlet engine: [Apache Tomcat/9.0.62]
2023-07-31 13:00:38,303 INFO  DirectJDKLog:173 - [] Initializing Spring embedded WebApplicationContext
2023-07-31 13:00:38,304 INFO  ServletWebServerApplicationContext:290 - [] Root WebApplicationContext: initialization completed in 1983 ms
2023-07-31 13:00:38,478 INFO  SLF4JLogger:71 - [] Cluster created with settings {hosts=[localhost:27017], mode=SINGLE, requiredClusterType=UNKNOWN, serverSelectionTimeout='30000 ms'}
2023-07-31 13:00:38,561 INFO  SLF4JLogger:71 - [] Opened connection [connectionId{localValue:1, serverValue:75}] to localhost:27017
2023-07-31 13:00:38,561 INFO  SLF4JLogger:71 - [] Opened connection [connectionId{localValue:2, serverValue:74}] to localhost:27017
2023-07-31 13:00:38,562 INFO  SLF4JLogger:71 - [] Monitor thread successfully connected to server with description ServerDescription{address=localhost:27017, type=STANDALONE, state=CONNECTED, ok=true, minWireVersion=0, maxWireVersion=17, maxDocumentSize=16777216, logicalSessionTimeoutMinutes=30, roundTripTimeNanos=23201300}
2023-07-31 13:00:38,620 WARN  CustomConversions:261 - [] Registering converter from class java.time.LocalDateTime to class org.joda.time.LocalDateTime as reading converter although it doesn't convert from a store-supported type! You might want to check your annotation setup at the converter implementation.
2023-07-31 13:00:38,723 WARN  OptionalLiveReloadServer:61 - [] Unable to start LiveReload server
2023-07-31 13:00:38,801 WARN  CustomConversions:261 - [] Registering converter from class java.time.LocalDateTime to class org.joda.time.LocalDateTime as reading converter although it doesn't convert from a store-supported type! You might want to check your annotation setup at the converter implementation.
2023-07-31 13:00:40,494 INFO  DiscoveryClientOptionalArgsConfiguration:68 - [] Eureka HTTP Client uses RestTemplate.
2023-07-31 13:00:40,722 WARN  LoadBalancerCacheAutoConfiguration$LoadBalancerCaffeineWarnLogger:82 - [] Spring Cloud LoadBalancer is currently working with the default cache. While this cache implementation is useful for development and tests, it's recommended to use Caffeine cache in production.You can switch to using Caffeine cache, by adding it and org.springframework.cache.caffeine.CaffeineCacheManager to the classpath.
2023-07-31 13:00:40,756 INFO  InstanceInfoFactory:67 - [] Setting initial instance status as: STARTING
2023-07-31 13:00:40,878 INFO  DiscoveryClient:372 - [] Initializing Eureka in region us-east-1
2023-07-31 13:00:40,887 INFO  ConfigClusterResolver:43 - [] Resolving eureka endpoints via configuration
2023-07-31 13:00:40,924 INFO  DiscoveryClient:1007 - [] Disable delta property : false
2023-07-31 13:00:40,925 INFO  DiscoveryClient:1008 - [] Single vip registry refresh property : null
2023-07-31 13:00:40,925 INFO  DiscoveryClient:1009 - [] Force full registry fetch : false
2023-07-31 13:00:40,926 INFO  DiscoveryClient:1010 - [] Application is null : false
2023-07-31 13:00:40,927 INFO  DiscoveryClient:1011 - [] Registered Applications size is zero : true
2023-07-31 13:00:40,927 INFO  DiscoveryClient:1013 - [] Application version is -1: true
2023-07-31 13:00:40,928 INFO  DiscoveryClient:1097 - [] Getting all instance registry info from the eureka server
2023-07-31 13:00:41,382 INFO  DiscoveryClient:1106 - [] The response status is 200
2023-07-31 13:00:41,388 INFO  DiscoveryClient:1321 - [] Starting heartbeat executor: renew interval is: 30
2023-07-31 13:00:41,393 INFO  InstanceInfoReplicator:60 - [] InstanceInfoReplicator onDemand update allowed rate per min is 4
2023-07-31 13:00:41,402 INFO  DiscoveryClient:492 - [] Discovery Client initialized at timestamp 1690788641401 with initial instances count: 1
2023-07-31 13:00:41,405 INFO  EurekaServiceRegistry:41 - [] Registering application BOOKINGDETAILS with eureka with status UP
2023-07-31 13:00:41,406 INFO  DiscoveryClient$3:1352 - [] Saw local status change event StatusChangeEvent [timestamp=1690788641406, current=UP, previous=STARTING]
2023-07-31 13:00:41,409 INFO  DiscoveryClient:873 - [] DiscoveryClient_BOOKINGDETAILS/LIN25004569.corp.capgemini.com:BookingDetails:8086: registering service...
2023-07-31 13:00:41,465 INFO  TomcatWebServer:220 - [] Tomcat started on port(s): 8086 (http) with context path ''
2023-07-31 13:00:41,467 INFO  EurekaAutoServiceRegistration:144 - [] Updating port to 8086
2023-07-31 13:00:41,483 INFO  DiscoveryClient:882 - [] DiscoveryClient_BOOKINGDETAILS/LIN25004569.corp.capgemini.com:BookingDetails:8086 - registration status: 204
2023-07-31 13:00:41,632 INFO  StartupInfoLogger:61 - [] Started BookingApplication in 5.911 seconds (JVM running for 6.564)
2023-07-31 13:05:40,938 INFO  ConfigClusterResolver:43 - [] Resolving eureka endpoints via configuration
2023-07-31 13:10:40,952 INFO  ConfigClusterResolver:43 - [] Resolving eureka endpoints via configuration
2023-07-31 13:47:25,998 INFO  ConfigClusterResolver:43 - [] Resolving eureka endpoints via configuration
2023-07-31 13:52:26,010 INFO  ConfigClusterResolver:43 - [] Resolving eureka endpoints via configuration
2023-07-31 13:57:26,026 INFO  ConfigClusterResolver:43 - [] Resolving eureka endpoints via configuration
2023-07-31 14:46:20,484 INFO  StartupInfoLogger:55 - [] Starting BookingApplication using Java 17.0.7 on LIN25004569 with PID 23480 (C:\Users\SUMBARAS\Downloads\Backend\Backend\Booking\target\classes started by sumbaras in C:\Users\SUMBARAS\Downloads\Backend\Backend\Booking)
2023-07-31 14:46:20,486 INFO  SpringApplication:640 - [] No active profile set, falling back to 1 default profile: "default"
2023-07-31 14:46:20,565 INFO  DeferredLog:255 - [] Devtools property defaults active! Set 'spring.devtools.add-properties' to 'false' to disable
2023-07-31 14:46:20,566 INFO  DeferredLog:255 - [] For additional web related logging consider setting the 'logging.level.web' property to 'DEBUG'
2023-07-31 14:46:21,501 INFO  RepositoryConfigurationDelegate:132 - [] Bootstrapping Spring Data MongoDB repositories in DEFAULT mode.
2023-07-31 14:46:21,688 INFO  RepositoryConfigurationDelegate:201 - [] Finished Spring Data repository scanning in 174 ms. Found 1 MongoDB repository interfaces.
2023-07-31 14:46:22,056 INFO  GenericScope:283 - [] BeanFactory id=72c04816-f6a5-348b-ba28-f311abe91a14
2023-07-31 14:46:22,828 INFO  TomcatWebServer:108 - [] Tomcat initialized with port(s): 8086 (http)
2023-07-31 14:46:22,839 INFO  DirectJDKLog:173 - [] Starting service [Tomcat]
2023-07-31 14:46:22,840 INFO  DirectJDKLog:173 - [] Starting Servlet engine: [Apache Tomcat/9.0.62]
2023-07-31 14:46:23,040 INFO  DirectJDKLog:173 - [] Initializing Spring embedded WebApplicationContext
2023-07-31 14:46:23,040 INFO  ServletWebServerApplicationContext:290 - [] Root WebApplicationContext: initialization completed in 2474 ms
2023-07-31 14:46:23,270 INFO  SLF4JLogger:71 - [] Cluster created with settings {hosts=[localhost:27017], mode=SINGLE, requiredClusterType=UNKNOWN, serverSelectionTimeout='30000 ms'}
2023-07-31 14:46:23,371 INFO  SLF4JLogger:71 - [] Opened connection [connectionId{localValue:1, serverValue:112}] to localhost:27017
2023-07-31 14:46:23,371 INFO  SLF4JLogger:71 - [] Opened connection [connectionId{localValue:2, serverValue:113}] to localhost:27017
2023-07-31 14:46:23,372 INFO  SLF4JLogger:71 - [] Monitor thread successfully connected to server with description ServerDescription{address=localhost:27017, type=STANDALONE, state=CONNECTED, ok=true, minWireVersion=0, maxWireVersion=17, maxDocumentSize=16777216, logicalSessionTimeoutMinutes=30, roundTripTimeNanos=28238200}
2023-07-31 14:46:23,432 WARN  CustomConversions:261 - [] Registering converter from class java.time.LocalDateTime to class org.joda.time.LocalDateTime as reading converter although it doesn't convert from a store-supported type! You might want to check your annotation setup at the converter implementation.
2023-07-31 14:46:23,547 WARN  OptionalLiveReloadServer:61 - [] Unable to start LiveReload server
2023-07-31 14:46:23,642 WARN  CustomConversions:261 - [] Registering converter from class java.time.LocalDateTime to class org.joda.time.LocalDateTime as reading converter although it doesn't convert from a store-supported type! You might want to check your annotation setup at the converter implementation.
2023-07-31 14:46:25,552 INFO  DiscoveryClientOptionalArgsConfiguration:68 - [] Eureka HTTP Client uses RestTemplate.
2023-07-31 14:46:25,808 WARN  LoadBalancerCacheAutoConfiguration$LoadBalancerCaffeineWarnLogger:82 - [] Spring Cloud LoadBalancer is currently working with the default cache. While this cache implementation is useful for development and tests, it's recommended to use Caffeine cache in production.You can switch to using Caffeine cache, by adding it and org.springframework.cache.caffeine.CaffeineCacheManager to the classpath.
2023-07-31 14:46:25,840 INFO  InstanceInfoFactory:67 - [] Setting initial instance status as: STARTING
2023-07-31 14:46:25,976 INFO  DiscoveryClient:372 - [] Initializing Eureka in region us-east-1
2023-07-31 14:46:25,985 INFO  ConfigClusterResolver:43 - [] Resolving eureka endpoints via configuration
2023-07-31 14:46:26,026 INFO  DiscoveryClient:1007 - [] Disable delta property : false
2023-07-31 14:46:26,026 INFO  DiscoveryClient:1008 - [] Single vip registry refresh property : null
2023-07-31 14:46:26,026 INFO  DiscoveryClient:1009 - [] Force full registry fetch : false
2023-07-31 14:46:26,026 INFO  DiscoveryClient:1010 - [] Application is null : false
2023-07-31 14:46:26,027 INFO  DiscoveryClient:1011 - [] Registered Applications size is zero : true
2023-07-31 14:46:26,027 INFO  DiscoveryClient:1013 - [] Application version is -1: true
2023-07-31 14:46:26,029 INFO  DiscoveryClient:1097 - [] Getting all instance registry info from the eureka server
2023-07-31 14:46:26,589 INFO  DiscoveryClient:1106 - [] The response status is 200
2023-07-31 14:46:26,594 INFO  DiscoveryClient:1321 - [] Starting heartbeat executor: renew interval is: 30
2023-07-31 14:46:26,600 INFO  InstanceInfoReplicator:60 - [] InstanceInfoReplicator onDemand update allowed rate per min is 4
2023-07-31 14:46:26,611 INFO  DiscoveryClient:492 - [] Discovery Client initialized at timestamp 1690794986609 with initial instances count: 5
2023-07-31 14:46:26,614 INFO  EurekaServiceRegistry:41 - [] Registering application BOOKINGDETAILS with eureka with status UP
2023-07-31 14:46:26,616 INFO  DiscoveryClient$3:1352 - [] Saw local status change event StatusChangeEvent [timestamp=1690794986616, current=UP, previous=STARTING]
2023-07-31 14:46:26,619 INFO  DiscoveryClient:873 - [] DiscoveryClient_BOOKINGDETAILS/LIN25004569.corp.capgemini.com:BookingDetails:8086: registering service...
2023-07-31 14:46:26,668 INFO  TomcatWebServer:220 - [] Tomcat started on port(s): 8086 (http) with context path ''
2023-07-31 14:46:26,671 INFO  EurekaAutoServiceRegistration:144 - [] Updating port to 8086
2023-07-31 14:46:26,691 INFO  DiscoveryClient:882 - [] DiscoveryClient_BOOKINGDETAILS/LIN25004569.corp.capgemini.com:BookingDetails:8086 - registration status: 204
2023-07-31 14:46:26,840 INFO  StartupInfoLogger:61 - [] Started BookingApplication in 7.063 seconds (JVM running for 7.86)
2023-07-31 14:50:57,788 INFO  StartupInfoLogger:55 - [] Starting BookingApplication using Java 17.0.7 on LIN25004569 with PID 22636 (C:\Users\SUMBARAS\Downloads\Backend\Backend\Booking\target\classes started by sumbaras in C:\Users\SUMBARAS\Downloads\Backend\Backend\Booking)
2023-07-31 14:50:57,791 INFO  SpringApplication:640 - [] No active profile set, falling back to 1 default profile: "default"
2023-07-31 14:50:57,884 INFO  DeferredLog:255 - [] Devtools property defaults active! Set 'spring.devtools.add-properties' to 'false' to disable
2023-07-31 14:50:57,885 INFO  DeferredLog:255 - [] For additional web related logging consider setting the 'logging.level.web' property to 'DEBUG'
2023-07-31 14:50:58,980 INFO  RepositoryConfigurationDelegate:132 - [] Bootstrapping Spring Data MongoDB repositories in DEFAULT mode.
2023-07-31 14:50:59,153 INFO  RepositoryConfigurationDelegate:201 - [] Finished Spring Data repository scanning in 163 ms. Found 1 MongoDB repository interfaces.
2023-07-31 14:50:59,546 INFO  GenericScope:283 - [] BeanFactory id=72c04816-f6a5-348b-ba28-f311abe91a14
2023-07-31 14:51:00,331 INFO  TomcatWebServer:108 - [] Tomcat initialized with port(s): 8086 (http)
2023-07-31 14:51:00,343 INFO  DirectJDKLog:173 - [] Starting service [Tomcat]
2023-07-31 14:51:00,344 INFO  DirectJDKLog:173 - [] Starting Servlet engine: [Apache Tomcat/9.0.62]
2023-07-31 14:51:00,477 INFO  DirectJDKLog:173 - [] Initializing Spring embedded WebApplicationContext
2023-07-31 14:51:00,478 INFO  ServletWebServerApplicationContext:290 - [] Root WebApplicationContext: initialization completed in 2592 ms
2023-07-31 14:51:00,697 INFO  SLF4JLogger:71 - [] Cluster created with settings {hosts=[localhost:27017], mode=SINGLE, requiredClusterType=UNKNOWN, serverSelectionTimeout='30000 ms'}
2023-07-31 14:51:00,811 INFO  SLF4JLogger:71 - [] Opened connection [connectionId{localValue:2, serverValue:120}] to localhost:27017
2023-07-31 14:51:00,811 INFO  SLF4JLogger:71 - [] Opened connection [connectionId{localValue:1, serverValue:119}] to localhost:27017
2023-07-31 14:51:00,812 INFO  SLF4JLogger:71 - [] Monitor thread successfully connected to server with description ServerDescription{address=localhost:27017, type=STANDALONE, state=CONNECTED, ok=true, minWireVersion=0, maxWireVersion=17, maxDocumentSize=16777216, logicalSessionTimeoutMinutes=30, roundTripTimeNanos=32426200}
2023-07-31 14:51:00,907 WARN  CustomConversions:261 - [] Registering converter from class java.time.LocalDateTime to class org.joda.time.LocalDateTime as reading converter although it doesn't convert from a store-supported type! You might want to check your annotation setup at the converter implementation.
2023-07-31 14:51:01,040 WARN  OptionalLiveReloadServer:61 - [] Unable to start LiveReload server
2023-07-31 14:51:01,144 WARN  CustomConversions:261 - [] Registering converter from class java.time.LocalDateTime to class org.joda.time.LocalDateTime as reading converter although it doesn't convert from a store-supported type! You might want to check your annotation setup at the converter implementation.
2023-07-31 14:51:03,377 INFO  DiscoveryClientOptionalArgsConfiguration:68 - [] Eureka HTTP Client uses RestTemplate.
2023-07-31 14:51:03,786 WARN  LoadBalancerCacheAutoConfiguration$LoadBalancerCaffeineWarnLogger:82 - [] Spring Cloud LoadBalancer is currently working with the default cache. While this cache implementation is useful for development and tests, it's recommended to use Caffeine cache in production.You can switch to using Caffeine cache, by adding it and org.springframework.cache.caffeine.CaffeineCacheManager to the classpath.
2023-07-31 14:51:03,846 INFO  InstanceInfoFactory:67 - [] Setting initial instance status as: STARTING
2023-07-31 14:51:04,071 INFO  DiscoveryClient:372 - [] Initializing Eureka in region us-east-1
2023-07-31 14:51:04,086 INFO  ConfigClusterResolver:43 - [] Resolving eureka endpoints via configuration
2023-07-31 14:51:04,154 INFO  DiscoveryClient:1007 - [] Disable delta property : false
2023-07-31 14:51:04,155 INFO  DiscoveryClient:1008 - [] Single vip registry refresh property : null
2023-07-31 14:51:04,156 INFO  DiscoveryClient:1009 - [] Force full registry fetch : false
2023-07-31 14:51:04,157 INFO  DiscoveryClient:1010 - [] Application is null : false
2023-07-31 14:51:04,158 INFO  DiscoveryClient:1011 - [] Registered Applications size is zero : true
2023-07-31 14:51:04,158 INFO  DiscoveryClient:1013 - [] Application version is -1: true
2023-07-31 14:51:04,159 INFO  DiscoveryClient:1097 - [] Getting all instance registry info from the eureka server
2023-07-31 14:51:04,862 INFO  DiscoveryClient:1106 - [] The response status is 200
2023-07-31 14:51:04,871 INFO  DiscoveryClient:1321 - [] Starting heartbeat executor: renew interval is: 30
2023-07-31 14:51:04,877 INFO  InstanceInfoReplicator:60 - [] InstanceInfoReplicator onDemand update allowed rate per min is 4
2023-07-31 14:51:04,891 INFO  DiscoveryClient:492 - [] Discovery Client initialized at timestamp 1690795264889 with initial instances count: 1
2023-07-31 14:51:04,895 INFO  EurekaServiceRegistry:41 - [] Registering application BOOKINGDETAILS with eureka with status UP
2023-07-31 14:51:04,897 INFO  DiscoveryClient$3:1352 - [] Saw local status change event StatusChangeEvent [timestamp=1690795264897, current=UP, previous=STARTING]
2023-07-31 14:51:04,902 INFO  DiscoveryClient:873 - [] DiscoveryClient_BOOKINGDETAILS/LIN25004569.corp.capgemini.com:BookingDetails:8086: registering service...
2023-07-31 14:51:04,971 INFO  TomcatWebServer:220 - [] Tomcat started on port(s): 8086 (http) with context path ''
2023-07-31 14:51:04,973 INFO  EurekaAutoServiceRegistration:144 - [] Updating port to 8086
2023-07-31 14:51:05,009 INFO  DiscoveryClient:882 - [] DiscoveryClient_BOOKINGDETAILS/LIN25004569.corp.capgemini.com:BookingDetails:8086 - registration status: 204
2023-07-31 14:51:05,202 INFO  StartupInfoLogger:61 - [] Started BookingApplication in 8.297 seconds (JVM running for 9.426)
2023-07-31 14:56:04,175 INFO  ConfigClusterResolver:43 - [] Resolving eureka endpoints via configuration
2023-07-31 15:01:04,188 INFO  ConfigClusterResolver:43 - [] Resolving eureka endpoints via configuration
2023-07-31 15:06:04,201 INFO  ConfigClusterResolver:43 - [] Resolving eureka endpoints via configuration
2023-07-31 15:11:04,212 INFO  ConfigClusterResolver:43 - [] Resolving eureka endpoints via configuration
2023-07-31 15:16:04,224 INFO  ConfigClusterResolver:43 - [] Resolving eureka endpoints via configuration
2023-07-31 15:21:04,238 INFO  ConfigClusterResolver:43 - [] Resolving eureka endpoints via configuration
2023-07-31 15:26:04,250 INFO  ConfigClusterResolver:43 - [] Resolving eureka endpoints via configuration
2023-07-31 15:31:04,254 INFO  ConfigClusterResolver:43 - [] Resolving eureka endpoints via configuration
2023-07-31 15:36:04,268 INFO  ConfigClusterResolver:43 - [] Resolving eureka endpoints via configuration
2023-07-31 15:41:04,275 INFO  ConfigClusterResolver:43 - [] Resolving eureka endpoints via configuration
2023-07-31 15:46:04,289 INFO  ConfigClusterResolver:43 - [] Resolving eureka endpoints via configuration
2023-07-31 15:51:04,292 INFO  ConfigClusterResolver:43 - [] Resolving eureka endpoints via configuration
2023-07-31 15:56:04,308 INFO  ConfigClusterResolver:43 - [] Resolving eureka endpoints via configuration
2023-07-31 16:01:04,326 INFO  ConfigClusterResolver:43 - [] Resolving eureka endpoints via configuration
2023-07-31 16:06:04,333 INFO  ConfigClusterResolver:43 - [] Resolving eureka endpoints via configuration
2023-07-31 16:11:04,337 INFO  ConfigClusterResolver:43 - [] Resolving eureka endpoints via configuration
2023-07-31 16:16:04,340 INFO  ConfigClusterResolver:43 - [] Resolving eureka endpoints via configuration
2023-07-31 16:21:04,353 INFO  ConfigClusterResolver:43 - [] Resolving eureka endpoints via configuration
2023-07-31 16:30:06,440 INFO  ConfigClusterResolver:43 - [] Resolving eureka endpoints via configuration
2023-07-31 16:35:06,448 INFO  ConfigClusterResolver:43 - [] Resolving eureka endpoints via configuration
2023-07-31 16:40:06,390 INFO  ConfigClusterResolver:43 - [] Resolving eureka endpoints via configuration
2023-07-31 16:45:06,207 INFO  ConfigClusterResolver:43 - [] Resolving eureka endpoints via configuration
2023-07-31 16:50:06,217 INFO  ConfigClusterResolver:43 - [] Resolving eureka endpoints via configuration
2023-07-31 17:53:22,019 INFO  StartupInfoLogger:55 - [] Starting BookingApplication using Java 17.0.7 on LIN25004569 with PID 18092 (C:\Users\SUMBARAS\Downloads\Backend\Backend\Booking\target\classes started by sumbaras in C:\Users\SUMBARAS\Downloads\Backend\Backend\Booking)
2023-07-31 17:53:22,026 INFO  SpringApplication:640 - [] No active profile set, falling back to 1 default profile: "default"
2023-07-31 17:53:22,146 INFO  DeferredLog:255 - [] Devtools property defaults active! Set 'spring.devtools.add-properties' to 'false' to disable
2023-07-31 17:53:22,146 INFO  DeferredLog:255 - [] For additional web related logging consider setting the 'logging.level.web' property to 'DEBUG'
2023-07-31 17:53:23,458 INFO  RepositoryConfigurationDelegate:132 - [] Bootstrapping Spring Data MongoDB repositories in DEFAULT mode.
2023-07-31 17:53:23,744 INFO  RepositoryConfigurationDelegate:201 - [] Finished Spring Data repository scanning in 227 ms. Found 1 MongoDB repository interfaces.
2023-07-31 17:53:24,215 INFO  GenericScope:283 - [] BeanFactory id=72c04816-f6a5-348b-ba28-f311abe91a14
2023-07-31 17:53:25,165 INFO  TomcatWebServer:108 - [] Tomcat initialized with port(s): 8086 (http)
2023-07-31 17:53:25,183 INFO  DirectJDKLog:173 - [] Starting service [Tomcat]
2023-07-31 17:53:25,183 INFO  DirectJDKLog:173 - [] Starting Servlet engine: [Apache Tomcat/9.0.62]
2023-07-31 17:53:25,366 INFO  DirectJDKLog:173 - [] Initializing Spring embedded WebApplicationContext
2023-07-31 17:53:25,366 INFO  ServletWebServerApplicationContext:290 - [] Root WebApplicationContext: initialization completed in 3218 ms
2023-07-31 17:53:25,643 INFO  SLF4JLogger:71 - [] Cluster created with settings {hosts=[localhost:27017], mode=SINGLE, requiredClusterType=UNKNOWN, serverSelectionTimeout='30000 ms'}
2023-07-31 17:53:25,773 INFO  SLF4JLogger:71 - [] Opened connection [connectionId{localValue:2, serverValue:148}] to localhost:27017
2023-07-31 17:53:25,773 INFO  SLF4JLogger:71 - [] Opened connection [connectionId{localValue:1, serverValue:149}] to localhost:27017
2023-07-31 17:53:25,775 INFO  SLF4JLogger:71 - [] Monitor thread successfully connected to server with description ServerDescription{address=localhost:27017, type=STANDALONE, state=CONNECTED, ok=true, minWireVersion=0, maxWireVersion=17, maxDocumentSize=16777216, logicalSessionTimeoutMinutes=30, roundTripTimeNanos=35801600}
2023-07-31 17:53:25,891 WARN  CustomConversions:261 - [] Registering converter from class java.time.LocalDateTime to class org.joda.time.LocalDateTime as reading converter although it doesn't convert from a store-supported type! You might want to check your annotation setup at the converter implementation.
2023-07-31 17:53:26,072 WARN  OptionalLiveReloadServer:61 - [] Unable to start LiveReload server
2023-07-31 17:53:26,204 WARN  CustomConversions:261 - [] Registering converter from class java.time.LocalDateTime to class org.joda.time.LocalDateTime as reading converter although it doesn't convert from a store-supported type! You might want to check your annotation setup at the converter implementation.
2023-07-31 17:53:28,627 INFO  DiscoveryClientOptionalArgsConfiguration:68 - [] Eureka HTTP Client uses RestTemplate.
2023-07-31 17:53:28,893 WARN  LoadBalancerCacheAutoConfiguration$LoadBalancerCaffeineWarnLogger:82 - [] Spring Cloud LoadBalancer is currently working with the default cache. While this cache implementation is useful for development and tests, it's recommended to use Caffeine cache in production.You can switch to using Caffeine cache, by adding it and org.springframework.cache.caffeine.CaffeineCacheManager to the classpath.
2023-07-31 17:53:28,934 INFO  InstanceInfoFactory:67 - [] Setting initial instance status as: STARTING
2023-07-31 17:53:29,106 INFO  DiscoveryClient:372 - [] Initializing Eureka in region us-east-1
2023-07-31 17:53:29,117 INFO  ConfigClusterResolver:43 - [] Resolving eureka endpoints via configuration
2023-07-31 17:53:29,161 INFO  DiscoveryClient:1007 - [] Disable delta property : false
2023-07-31 17:53:29,161 INFO  DiscoveryClient:1008 - [] Single vip registry refresh property : null
2023-07-31 17:53:29,162 INFO  DiscoveryClient:1009 - [] Force full registry fetch : false
2023-07-31 17:53:29,163 INFO  DiscoveryClient:1010 - [] Application is null : false
2023-07-31 17:53:29,164 INFO  DiscoveryClient:1011 - [] Registered Applications size is zero : true
2023-07-31 17:53:29,165 INFO  DiscoveryClient:1013 - [] Application version is -1: true
2023-07-31 17:53:29,166 INFO  DiscoveryClient:1097 - [] Getting all instance registry info from the eureka server
2023-07-31 17:53:29,829 INFO  DiscoveryClient:1106 - [] The response status is 200
2023-07-31 17:53:29,836 INFO  DiscoveryClient:1321 - [] Starting heartbeat executor: renew interval is: 30
2023-07-31 17:53:29,842 INFO  InstanceInfoReplicator:60 - [] InstanceInfoReplicator onDemand update allowed rate per min is 4
2023-07-31 17:53:29,853 INFO  DiscoveryClient:492 - [] Discovery Client initialized at timestamp 1690806209851 with initial instances count: 1
2023-07-31 17:53:29,857 INFO  EurekaServiceRegistry:41 - [] Registering application BOOKINGDETAILS with eureka with status UP
2023-07-31 17:53:29,859 INFO  DiscoveryClient$3:1352 - [] Saw local status change event StatusChangeEvent [timestamp=1690806209859, current=UP, previous=STARTING]
2023-07-31 17:53:29,863 INFO  DiscoveryClient:873 - [] DiscoveryClient_BOOKINGDETAILS/LIN25004569.corp.capgemini.com:BookingDetails:8086: registering service...
2023-07-31 17:53:29,936 INFO  TomcatWebServer:220 - [] Tomcat started on port(s): 8086 (http) with context path ''
2023-07-31 17:53:29,938 INFO  EurekaAutoServiceRegistration:144 - [] Updating port to 8086
2023-07-31 17:53:29,953 INFO  DiscoveryClient:882 - [] DiscoveryClient_BOOKINGDETAILS/LIN25004569.corp.capgemini.com:BookingDetails:8086 - registration status: 204
2023-07-31 17:53:30,140 INFO  StartupInfoLogger:61 - [] Started BookingApplication in 9.063 seconds (JVM running for 10.271)
2023-07-31 17:56:11,634 INFO  DirectJDKLog:173 - [] Initializing Spring DispatcherServlet 'dispatcherServlet'
2023-07-31 17:56:11,635 INFO  FrameworkServlet:525 - [] Initializing Servlet 'dispatcherServlet'
2023-07-31 17:56:11,638 INFO  FrameworkServlet:547 - [] Completed initialization in 2 ms
2023-07-31 17:56:11,721 INFO  BookingController:79 - [] [getorder/id] info message added
2023-07-31 17:56:11,721 DEBUG BookingController:80 - [] [getorder/id] debug message added
2023-07-31 17:56:11,875 INFO  SLF4JLogger:71 - [] Opened connection [connectionId{localValue:3, serverValue:160}] to localhost:27017
2023-07-31 17:58:29,175 INFO  ConfigClusterResolver:43 - [] Resolving eureka endpoints via configuration
