2023-07-31 10:49:12,295 INFO  StartupInfoLogger:55 - [] Starting FlightApplication using Java 17.0.7 on LIN25004569 with PID 8424 (C:\Users\SUMBARAS\Downloads\Backend\Backend\Flight\target\classes started by sumbaras in C:\Users\SUMBARAS\Downloads\Backend\Backend\Flight)
2023-07-31 10:49:12,314 INFO  SpringApplication:640 - [] No active profile set, falling back to 1 default profile: "default"
2023-07-31 10:49:12,442 INFO  DeferredLog:255 - [] Devtools property defaults active! Set 'spring.devtools.add-properties' to 'false' to disable
2023-07-31 10:49:12,443 INFO  DeferredLog:255 - [] For additional web related logging consider setting the 'logging.level.web' property to 'DEBUG'
2023-07-31 10:49:14,025 INFO  RepositoryConfigurationDelegate:132 - [] Bootstrapping Spring Data MongoDB repositories in DEFAULT mode.
2023-07-31 10:49:14,361 INFO  RepositoryConfigurationDelegate:201 - [] Finished Spring Data repository scanning in 325 ms. Found 1 MongoDB repository interfaces.
2023-07-31 10:49:14,792 INFO  GenericScope:283 - [] BeanFactory id=e5c7e306-2a6c-3cfc-a820-2c9d51aef022
2023-07-31 10:49:15,724 INFO  TomcatWebServer:108 - [] Tomcat initialized with port(s): 8087 (http)
2023-07-31 10:49:15,748 INFO  DirectJDKLog:173 - [] Starting service [Tomcat]
2023-07-31 10:49:15,749 INFO  DirectJDKLog:173 - [] Starting Servlet engine: [Apache Tomcat/9.0.62]
2023-07-31 10:49:15,920 INFO  DirectJDKLog:173 - [] Initializing Spring embedded WebApplicationContext
2023-07-31 10:49:15,921 INFO  ServletWebServerApplicationContext:290 - [] Root WebApplicationContext: initialization completed in 3470 ms
2023-07-31 10:49:16,218 INFO  SLF4JLogger:71 - [] Cluster created with settings {hosts=[localhost:27017], mode=SINGLE, requiredClusterType=UNKNOWN, serverSelectionTimeout='30000 ms'}
2023-07-31 10:49:16,362 INFO  SLF4JLogger:71 - [] Opened connection [connectionId{localValue:1, serverValue:63}] to localhost:27017
2023-07-31 10:49:16,362 INFO  SLF4JLogger:71 - [] Opened connection [connectionId{localValue:2, serverValue:64}] to localhost:27017
2023-07-31 10:49:16,363 INFO  SLF4JLogger:71 - [] Monitor thread successfully connected to server with description ServerDescription{address=localhost:27017, type=STANDALONE, state=CONNECTED, ok=true, minWireVersion=0, maxWireVersion=17, maxDocumentSize=16777216, logicalSessionTimeoutMinutes=30, roundTripTimeNanos=48099400}
2023-07-31 10:49:16,452 WARN  CustomConversions:261 - [] Registering converter from class java.time.LocalDateTime to class org.joda.time.LocalDateTime as reading converter although it doesn't convert from a store-supported type! You might want to check your annotation setup at the converter implementation.
2023-07-31 10:49:16,595 WARN  OptionalLiveReloadServer:61 - [] Unable to start LiveReload server
2023-07-31 10:49:16,699 WARN  CustomConversions:261 - [] Registering converter from class java.time.LocalDateTime to class org.joda.time.LocalDateTime as reading converter although it doesn't convert from a store-supported type! You might want to check your annotation setup at the converter implementation.
2023-07-31 10:49:18,820 INFO  DiscoveryClientOptionalArgsConfiguration:68 - [] Eureka HTTP Client uses RestTemplate.
2023-07-31 10:49:19,174 WARN  LoadBalancerCacheAutoConfiguration$LoadBalancerCaffeineWarnLogger:82 - [] Spring Cloud LoadBalancer is currently working with the default cache. While this cache implementation is useful for development and tests, it's recommended to use Caffeine cache in production.You can switch to using Caffeine cache, by adding it and org.springframework.cache.caffeine.CaffeineCacheManager to the classpath.
2023-07-31 10:49:19,222 INFO  InstanceInfoFactory:67 - [] Setting initial instance status as: STARTING
2023-07-31 10:49:19,381 INFO  DiscoveryClient:372 - [] Initializing Eureka in region us-east-1
2023-07-31 10:49:19,393 INFO  ConfigClusterResolver:43 - [] Resolving eureka endpoints via configuration
2023-07-31 10:49:19,440 INFO  DiscoveryClient:1007 - [] Disable delta property : false
2023-07-31 10:49:19,442 INFO  DiscoveryClient:1008 - [] Single vip registry refresh property : null
2023-07-31 10:49:19,443 INFO  DiscoveryClient:1009 - [] Force full registry fetch : false
2023-07-31 10:49:19,445 INFO  DiscoveryClient:1010 - [] Application is null : false
2023-07-31 10:49:19,446 INFO  DiscoveryClient:1011 - [] Registered Applications size is zero : true
2023-07-31 10:49:19,449 INFO  DiscoveryClient:1013 - [] Application version is -1: true
2023-07-31 10:49:19,450 INFO  DiscoveryClient:1097 - [] Getting all instance registry info from the eureka server
2023-07-31 10:49:20,019 INFO  DiscoveryClient:1106 - [] The response status is 200
2023-07-31 10:49:20,025 INFO  DiscoveryClient:1321 - [] Starting heartbeat executor: renew interval is: 30
2023-07-31 10:49:20,032 INFO  InstanceInfoReplicator:60 - [] InstanceInfoReplicator onDemand update allowed rate per min is 4
2023-07-31 10:49:20,041 INFO  DiscoveryClient:492 - [] Discovery Client initialized at timestamp 1690780760040 with initial instances count: 2
2023-07-31 10:49:20,043 INFO  EurekaServiceRegistry:41 - [] Registering application FLIGHTDETAILS with eureka with status UP
2023-07-31 10:49:20,045 INFO  DiscoveryClient$3:1352 - [] Saw local status change event StatusChangeEvent [timestamp=1690780760045, current=UP, previous=STARTING]
2023-07-31 10:49:20,050 INFO  DiscoveryClient:873 - [] DiscoveryClient_FLIGHTDETAILS/LIN25004569.corp.capgemini.com:FlightDetails:8087: registering service...
2023-07-31 10:49:20,107 INFO  TomcatWebServer:220 - [] Tomcat started on port(s): 8087 (http) with context path ''
2023-07-31 10:49:20,108 INFO  EurekaAutoServiceRegistration:144 - [] Updating port to 8087
2023-07-31 10:49:20,138 INFO  DiscoveryClient:882 - [] DiscoveryClient_FLIGHTDETAILS/LIN25004569.corp.capgemini.com:FlightDetails:8087 - registration status: 204
2023-07-31 10:49:20,266 INFO  StartupInfoLogger:61 - [] Started FlightApplication in 9.315 seconds (JVM running for 10.749)
2023-07-31 10:54:19,281 INFO  ConfigClusterResolver:43 - [] Resolving eureka endpoints via configuration
2023-07-31 10:58:40,325 INFO  DirectJDKLog:173 - [] Initializing Spring DispatcherServlet 'dispatcherServlet'
2023-07-31 10:58:40,327 INFO  FrameworkServlet:525 - [] Initializing Servlet 'dispatcherServlet'
2023-07-31 10:58:40,329 INFO  FrameworkServlet:547 - [] Completed initialization in 1 ms
2023-07-31 10:58:40,375 INFO  FlightController:57 - [] [viewallflights] info message added
2023-07-31 10:58:40,377 DEBUG FlightController:58 - [] [viewallflights] debug message added
2023-07-31 10:58:40,469 INFO  SLF4JLogger:71 - [] Opened connection [connectionId{localValue:3, serverValue:70}] to localhost:27017
2023-07-31 10:58:51,187 INFO  FlightController:57 - [] [viewallflights] info message added
2023-07-31 10:58:51,189 DEBUG FlightController:58 - [] [viewallflights] debug message added
2023-07-31 10:58:52,603 INFO  FlightController:69 - [] [viewflightbyno/flightId] info message added
2023-07-31 10:58:52,605 DEBUG FlightController:70 - [] [viewflightbyno/flightId] debug message added
2023-07-31 10:59:06,390 INFO  FlightController:69 - [] [viewflightbyno/flightId] info message added
2023-07-31 10:59:06,391 DEBUG FlightController:70 - [] [viewflightbyno/flightId] debug message added
2023-07-31 10:59:06,562 INFO  FlightController:170 - [] [decreaseseat/flightId/seats] info message added
2023-07-31 10:59:06,563 DEBUG FlightController:171 - [] [decreaseseat/flightId/seats] debug message added
2023-07-31 10:59:19,274 INFO  ConfigClusterResolver:43 - [] Resolving eureka endpoints via configuration
2023-07-31 10:59:25,548 INFO  FlightController:69 - [] [viewflightbyno/flightId] info message added
2023-07-31 10:59:25,550 DEBUG FlightController:70 - [] [viewflightbyno/flightId] debug message added
2023-07-31 10:59:28,916 INFO  FlightController:57 - [] [viewallflights] info message added
2023-07-31 10:59:28,918 DEBUG FlightController:58 - [] [viewallflights] debug message added
2023-07-31 11:04:19,287 INFO  ConfigClusterResolver:43 - [] Resolving eureka endpoints via configuration
2023-07-31 11:09:19,308 INFO  ConfigClusterResolver:43 - [] Resolving eureka endpoints via configuration
2023-07-31 11:14:19,323 INFO  ConfigClusterResolver:43 - [] Resolving eureka endpoints via configuration
2023-07-31 11:19:19,332 INFO  ConfigClusterResolver:43 - [] Resolving eureka endpoints via configuration
2023-07-31 11:24:19,339 INFO  ConfigClusterResolver:43 - [] Resolving eureka endpoints via configuration
2023-07-31 11:29:19,342 INFO  ConfigClusterResolver:43 - [] Resolving eureka endpoints via configuration
2023-07-31 11:34:19,348 INFO  ConfigClusterResolver:43 - [] Resolving eureka endpoints via configuration
2023-07-31 11:39:19,357 INFO  ConfigClusterResolver:43 - [] Resolving eureka endpoints via configuration
2023-07-31 11:44:19,367 INFO  ConfigClusterResolver:43 - [] Resolving eureka endpoints via configuration
2023-07-31 11:49:19,376 INFO  ConfigClusterResolver:43 - [] Resolving eureka endpoints via configuration
2023-07-31 11:54:19,389 INFO  ConfigClusterResolver:43 - [] Resolving eureka endpoints via configuration
2023-07-31 11:59:19,394 INFO  ConfigClusterResolver:43 - [] Resolving eureka endpoints via configuration
2023-07-31 12:04:19,405 INFO  ConfigClusterResolver:43 - [] Resolving eureka endpoints via configuration
2023-07-31 12:09:19,422 INFO  ConfigClusterResolver:43 - [] Resolving eureka endpoints via configuration
2023-07-31 12:14:19,432 INFO  ConfigClusterResolver:43 - [] Resolving eureka endpoints via configuration
2023-07-31 12:19:19,439 INFO  ConfigClusterResolver:43 - [] Resolving eureka endpoints via configuration
2023-07-31 12:24:19,445 INFO  ConfigClusterResolver:43 - [] Resolving eureka endpoints via configuration
2023-07-31 12:29:19,457 INFO  ConfigClusterResolver:43 - [] Resolving eureka endpoints via configuration
2023-07-31 12:34:19,463 INFO  ConfigClusterResolver:43 - [] Resolving eureka endpoints via configuration
2023-07-31 12:39:19,471 INFO  ConfigClusterResolver:43 - [] Resolving eureka endpoints via configuration
2023-07-31 12:44:19,485 INFO  ConfigClusterResolver:43 - [] Resolving eureka endpoints via configuration
2023-07-31 12:49:19,493 INFO  ConfigClusterResolver:43 - [] Resolving eureka endpoints via configuration
2023-07-31 12:54:19,497 INFO  ConfigClusterResolver:43 - [] Resolving eureka endpoints via configuration
2023-07-31 12:59:19,507 INFO  ConfigClusterResolver:43 - [] Resolving eureka endpoints via configuration
2023-07-31 13:00:24,554 INFO  StartupInfoLogger:55 - [] Starting FlightApplication using Java 17.0.7 on LIN25004569 with PID 9900 (C:\Users\SUMBARAS\Downloads\Backend\Backend\Flight\target\classes started by sumbaras in C:\Users\SUMBARAS\Downloads\Backend\Backend\Flight)
2023-07-31 13:00:24,556 INFO  SpringApplication:640 - [] No active profile set, falling back to 1 default profile: "default"
2023-07-31 13:00:24,629 INFO  DeferredLog:255 - [] Devtools property defaults active! Set 'spring.devtools.add-properties' to 'false' to disable
2023-07-31 13:00:24,630 INFO  DeferredLog:255 - [] For additional web related logging consider setting the 'logging.level.web' property to 'DEBUG'
2023-07-31 13:00:25,808 INFO  RepositoryConfigurationDelegate:132 - [] Bootstrapping Spring Data MongoDB repositories in DEFAULT mode.
2023-07-31 13:00:25,937 INFO  RepositoryConfigurationDelegate:201 - [] Finished Spring Data repository scanning in 122 ms. Found 1 MongoDB repository interfaces.
2023-07-31 13:00:26,228 INFO  GenericScope:283 - [] BeanFactory id=e5c7e306-2a6c-3cfc-a820-2c9d51aef022
2023-07-31 13:00:26,793 INFO  TomcatWebServer:108 - [] Tomcat initialized with port(s): 8087 (http)
2023-07-31 13:00:26,800 INFO  DirectJDKLog:173 - [] Starting service [Tomcat]
2023-07-31 13:00:26,801 INFO  DirectJDKLog:173 - [] Starting Servlet engine: [Apache Tomcat/9.0.62]
2023-07-31 13:00:26,902 INFO  DirectJDKLog:173 - [] Initializing Spring embedded WebApplicationContext
2023-07-31 13:00:26,903 INFO  ServletWebServerApplicationContext:290 - [] Root WebApplicationContext: initialization completed in 2271 ms
2023-07-31 13:00:27,051 INFO  SLF4JLogger:71 - [] Cluster created with settings {hosts=[localhost:27017], mode=SINGLE, requiredClusterType=UNKNOWN, serverSelectionTimeout='30000 ms'}
2023-07-31 13:00:27,140 INFO  SLF4JLogger:71 - [] Opened connection [connectionId{localValue:2, serverValue:73}] to localhost:27017
2023-07-31 13:00:27,140 INFO  SLF4JLogger:71 - [] Opened connection [connectionId{localValue:1, serverValue:72}] to localhost:27017
2023-07-31 13:00:27,140 INFO  SLF4JLogger:71 - [] Monitor thread successfully connected to server with description ServerDescription{address=localhost:27017, type=STANDALONE, state=CONNECTED, ok=true, minWireVersion=0, maxWireVersion=17, maxDocumentSize=16777216, logicalSessionTimeoutMinutes=30, roundTripTimeNanos=24511900}
2023-07-31 13:00:27,192 WARN  CustomConversions:261 - [] Registering converter from class java.time.LocalDateTime to class org.joda.time.LocalDateTime as reading converter although it doesn't convert from a store-supported type! You might want to check your annotation setup at the converter implementation.
2023-07-31 13:00:27,291 WARN  OptionalLiveReloadServer:61 - [] Unable to start LiveReload server
2023-07-31 13:00:27,369 WARN  CustomConversions:261 - [] Registering converter from class java.time.LocalDateTime to class org.joda.time.LocalDateTime as reading converter although it doesn't convert from a store-supported type! You might want to check your annotation setup at the converter implementation.
2023-07-31 13:00:29,217 INFO  DiscoveryClientOptionalArgsConfiguration:68 - [] Eureka HTTP Client uses RestTemplate.
2023-07-31 13:00:29,459 WARN  LoadBalancerCacheAutoConfiguration$LoadBalancerCaffeineWarnLogger:82 - [] Spring Cloud LoadBalancer is currently working with the default cache. While this cache implementation is useful for development and tests, it's recommended to use Caffeine cache in production.You can switch to using Caffeine cache, by adding it and org.springframework.cache.caffeine.CaffeineCacheManager to the classpath.
2023-07-31 13:00:29,492 INFO  InstanceInfoFactory:67 - [] Setting initial instance status as: STARTING
2023-07-31 13:00:29,609 INFO  DiscoveryClient:372 - [] Initializing Eureka in region us-east-1
2023-07-31 13:00:29,619 INFO  ConfigClusterResolver:43 - [] Resolving eureka endpoints via configuration
2023-07-31 13:00:29,656 INFO  DiscoveryClient:1007 - [] Disable delta property : false
2023-07-31 13:00:29,657 INFO  DiscoveryClient:1008 - [] Single vip registry refresh property : null
2023-07-31 13:00:29,657 INFO  DiscoveryClient:1009 - [] Force full registry fetch : false
2023-07-31 13:00:29,658 INFO  DiscoveryClient:1010 - [] Application is null : false
2023-07-31 13:00:29,658 INFO  DiscoveryClient:1011 - [] Registered Applications size is zero : true
2023-07-31 13:00:29,659 INFO  DiscoveryClient:1013 - [] Application version is -1: true
2023-07-31 13:00:29,659 INFO  DiscoveryClient:1097 - [] Getting all instance registry info from the eureka server
2023-07-31 13:00:30,198 INFO  DiscoveryClient:1106 - [] The response status is 200
2023-07-31 13:00:30,204 INFO  DiscoveryClient:1321 - [] Starting heartbeat executor: renew interval is: 30
2023-07-31 13:00:30,217 INFO  InstanceInfoReplicator:60 - [] InstanceInfoReplicator onDemand update allowed rate per min is 4
2023-07-31 13:00:30,228 INFO  DiscoveryClient:492 - [] Discovery Client initialized at timestamp 1690788630226 with initial instances count: 1
2023-07-31 13:00:30,231 INFO  EurekaServiceRegistry:41 - [] Registering application FLIGHTDETAILS with eureka with status UP
2023-07-31 13:00:30,233 INFO  DiscoveryClient$3:1352 - [] Saw local status change event StatusChangeEvent [timestamp=1690788630232, current=UP, previous=STARTING]
2023-07-31 13:00:30,236 INFO  DiscoveryClient:873 - [] DiscoveryClient_FLIGHTDETAILS/LIN25004569.corp.capgemini.com:FlightDetails:8087: registering service...
2023-07-31 13:00:30,285 INFO  TomcatWebServer:220 - [] Tomcat started on port(s): 8087 (http) with context path ''
2023-07-31 13:00:30,287 INFO  EurekaAutoServiceRegistration:144 - [] Updating port to 8087
2023-07-31 13:00:30,314 INFO  DiscoveryClient:882 - [] DiscoveryClient_FLIGHTDETAILS/LIN25004569.corp.capgemini.com:FlightDetails:8087 - registration status: 204
2023-07-31 13:00:30,478 INFO  StartupInfoLogger:61 - [] Started FlightApplication in 6.465 seconds (JVM running for 7.1)
2023-07-31 13:03:29,713 INFO  DirectJDKLog:173 - [] Initializing Spring DispatcherServlet 'dispatcherServlet'
2023-07-31 13:03:29,714 INFO  FrameworkServlet:525 - [] Initializing Servlet 'dispatcherServlet'
2023-07-31 13:03:29,716 INFO  FrameworkServlet:547 - [] Completed initialization in 2 ms
2023-07-31 13:03:29,791 INFO  FlightController:57 - [] [viewallflights] info message added
2023-07-31 13:03:29,791 DEBUG FlightController:58 - [] [viewallflights] debug message added
2023-07-31 13:03:29,910 INFO  SLF4JLogger:71 - [] Opened connection [connectionId{localValue:3, serverValue:82}] to localhost:27017
2023-07-31 13:05:29,670 INFO  ConfigClusterResolver:43 - [] Resolving eureka endpoints via configuration
2023-07-31 13:05:31,072 INFO  FlightController:46 - [] [addflight] info message added
2023-07-31 13:05:31,073 DEBUG FlightController:47 - [] [addflight] debug message added
2023-07-31 13:05:33,160 INFO  FlightController:57 - [] [viewallflights] info message added
2023-07-31 13:05:33,161 DEBUG FlightController:58 - [] [viewallflights] debug message added
2023-07-31 13:05:43,672 INFO  FlightController:57 - [] [viewallflights] info message added
2023-07-31 13:05:43,673 DEBUG FlightController:58 - [] [viewallflights] debug message added
2023-07-31 13:07:43,526 INFO  FlightController:46 - [] [addflight] info message added
2023-07-31 13:07:43,526 DEBUG FlightController:47 - [] [addflight] debug message added
2023-07-31 13:07:45,725 INFO  FlightController:57 - [] [viewallflights] info message added
2023-07-31 13:07:45,727 DEBUG FlightController:58 - [] [viewallflights] debug message added
2023-07-31 13:09:28,579 INFO  FlightController:46 - [] [addflight] info message added
2023-07-31 13:09:28,580 DEBUG FlightController:47 - [] [addflight] debug message added
2023-07-31 13:09:30,830 INFO  FlightController:57 - [] [viewallflights] info message added
2023-07-31 13:09:30,831 DEBUG FlightController:58 - [] [viewallflights] debug message added
2023-07-31 13:09:42,488 INFO  FlightController:57 - [] [viewallflights] info message added
2023-07-31 13:09:42,489 DEBUG FlightController:58 - [] [viewallflights] debug message added
2023-07-31 13:09:55,583 INFO  FlightController:57 - [] [viewallflights] info message added
2023-07-31 13:09:55,584 DEBUG FlightController:58 - [] [viewallflights] debug message added
2023-07-31 13:10:29,682 INFO  ConfigClusterResolver:43 - [] Resolving eureka endpoints via configuration
2023-07-31 13:10:52,305 INFO  FlightController:57 - [] [viewallflights] info message added
2023-07-31 13:10:52,306 DEBUG FlightController:58 - [] [viewallflights] debug message added
2023-07-31 13:10:55,273 INFO  FlightController:69 - [] [viewflightbyno/flightId] info message added
2023-07-31 13:10:55,274 DEBUG FlightController:70 - [] [viewflightbyno/flightId] debug message added
2023-07-31 13:11:24,055 INFO  FlightController:57 - [] [viewallflights] info message added
2023-07-31 13:11:24,056 DEBUG FlightController:58 - [] [viewallflights] debug message added
2023-07-31 13:45:19,784 INFO  FlightController:57 - [] [viewallflights] info message added
2023-07-31 13:45:19,785 DEBUG FlightController:58 - [] [viewallflights] debug message added
2023-07-31 13:45:47,602 INFO  FlightController:57 - [] [viewallflights] info message added
2023-07-31 13:45:47,603 DEBUG FlightController:58 - [] [viewallflights] debug message added
2023-07-31 13:45:52,970 INFO  FlightController:108 - [] [deleteflight/flightId] info message added
2023-07-31 13:45:52,972 DEBUG FlightController:109 - [] [deleteflight/flightId] debug message added
2023-07-31 13:46:42,872 INFO  FlightController:57 - [] [viewallflights] info message added
2023-07-31 13:46:42,875 DEBUG FlightController:58 - [] [viewallflights] debug message added
2023-07-31 13:46:57,577 INFO  FlightController:57 - [] [viewallflights] info message added
2023-07-31 13:46:57,578 DEBUG FlightController:58 - [] [viewallflights] debug message added
2023-07-31 13:47:14,729 INFO  ConfigClusterResolver:43 - [] Resolving eureka endpoints via configuration
2023-07-31 13:52:14,742 INFO  ConfigClusterResolver:43 - [] Resolving eureka endpoints via configuration
2023-07-31 13:54:00,523 INFO  FlightController:46 - [] [addflight] info message added
2023-07-31 13:54:00,523 DEBUG FlightController:47 - [] [addflight] debug message added
2023-07-31 13:54:02,635 INFO  FlightController:57 - [] [viewallflights] info message added
2023-07-31 13:54:02,637 DEBUG FlightController:58 - [] [viewallflights] debug message added
2023-07-31 13:54:20,941 INFO  FlightController:57 - [] [viewallflights] info message added
2023-07-31 13:54:20,942 DEBUG FlightController:58 - [] [viewallflights] debug message added
2023-07-31 13:56:10,426 INFO  FlightController:57 - [] [viewallflights] info message added
2023-07-31 13:56:10,427 DEBUG FlightController:58 - [] [viewallflights] debug message added
2023-07-31 13:56:18,501 INFO  FlightController:69 - [] [viewflightbyno/flightId] info message added
2023-07-31 13:56:18,502 DEBUG FlightController:70 - [] [viewflightbyno/flightId] debug message added
2023-07-31 13:56:41,425 INFO  FlightController:57 - [] [viewallflights] info message added
2023-07-31 13:56:41,426 DEBUG FlightController:58 - [] [viewallflights] debug message added
2023-07-31 13:57:14,751 INFO  ConfigClusterResolver:43 - [] Resolving eureka endpoints via configuration
2023-07-31 13:58:34,112 INFO  StartupInfoLogger:55 - [] Starting FlightApplication using Java 17.0.7 on LIN25004569 with PID 18632 (C:\Users\SUMBARAS\Downloads\Backend\Backend\Flight\target\classes started by sumbaras in C:\Users\SUMBARAS\Downloads\Backend\Backend\Flight)
2023-07-31 13:58:34,115 INFO  SpringApplication:640 - [] No active profile set, falling back to 1 default profile: "default"
2023-07-31 13:58:34,215 INFO  DeferredLog:255 - [] Devtools property defaults active! Set 'spring.devtools.add-properties' to 'false' to disable
2023-07-31 13:58:34,215 INFO  DeferredLog:255 - [] For additional web related logging consider setting the 'logging.level.web' property to 'DEBUG'
2023-07-31 13:58:35,504 INFO  RepositoryConfigurationDelegate:132 - [] Bootstrapping Spring Data MongoDB repositories in DEFAULT mode.
2023-07-31 13:58:35,711 INFO  RepositoryConfigurationDelegate:201 - [] Finished Spring Data repository scanning in 198 ms. Found 1 MongoDB repository interfaces.
2023-07-31 13:58:36,189 INFO  GenericScope:283 - [] BeanFactory id=e5c7e306-2a6c-3cfc-a820-2c9d51aef022
2023-07-31 13:58:37,252 INFO  TomcatWebServer:108 - [] Tomcat initialized with port(s): 8087 (http)
2023-07-31 13:58:37,273 INFO  DirectJDKLog:173 - [] Starting service [Tomcat]
2023-07-31 13:58:37,273 INFO  DirectJDKLog:173 - [] Starting Servlet engine: [Apache Tomcat/9.0.62]
2023-07-31 13:58:37,529 INFO  DirectJDKLog:173 - [] Initializing Spring embedded WebApplicationContext
2023-07-31 13:58:37,530 INFO  ServletWebServerApplicationContext:290 - [] Root WebApplicationContext: initialization completed in 3312 ms
2023-07-31 13:58:37,841 INFO  SLF4JLogger:71 - [] Cluster created with settings {hosts=[localhost:27017], mode=SINGLE, requiredClusterType=UNKNOWN, serverSelectionTimeout='30000 ms'}
2023-07-31 13:58:37,997 INFO  SLF4JLogger:71 - [] Opened connection [connectionId{localValue:2, serverValue:101}] to localhost:27017
2023-07-31 13:58:37,997 INFO  SLF4JLogger:71 - [] Opened connection [connectionId{localValue:1, serverValue:100}] to localhost:27017
2023-07-31 13:58:37,998 INFO  SLF4JLogger:71 - [] Monitor thread successfully connected to server with description ServerDescription{address=localhost:27017, type=STANDALONE, state=CONNECTED, ok=true, minWireVersion=0, maxWireVersion=17, maxDocumentSize=16777216, logicalSessionTimeoutMinutes=30, roundTripTimeNanos=43542400}
2023-07-31 13:58:38,090 WARN  CustomConversions:261 - [] Registering converter from class java.time.LocalDateTime to class org.joda.time.LocalDateTime as reading converter although it doesn't convert from a store-supported type! You might want to check your annotation setup at the converter implementation.
2023-07-31 13:58:38,267 WARN  OptionalLiveReloadServer:61 - [] Unable to start LiveReload server
2023-07-31 13:58:38,384 WARN  CustomConversions:261 - [] Registering converter from class java.time.LocalDateTime to class org.joda.time.LocalDateTime as reading converter although it doesn't convert from a store-supported type! You might want to check your annotation setup at the converter implementation.
2023-07-31 13:58:40,478 INFO  DiscoveryClientOptionalArgsConfiguration:68 - [] Eureka HTTP Client uses RestTemplate.
2023-07-31 13:58:40,766 WARN  LoadBalancerCacheAutoConfiguration$LoadBalancerCaffeineWarnLogger:82 - [] Spring Cloud LoadBalancer is currently working with the default cache. While this cache implementation is useful for development and tests, it's recommended to use Caffeine cache in production.You can switch to using Caffeine cache, by adding it and org.springframework.cache.caffeine.CaffeineCacheManager to the classpath.
2023-07-31 13:58:40,808 INFO  InstanceInfoFactory:67 - [] Setting initial instance status as: STARTING
2023-07-31 13:58:40,962 INFO  DiscoveryClient:372 - [] Initializing Eureka in region us-east-1
2023-07-31 13:58:40,973 INFO  ConfigClusterResolver:43 - [] Resolving eureka endpoints via configuration
2023-07-31 13:58:41,028 INFO  DiscoveryClient:1007 - [] Disable delta property : false
2023-07-31 13:58:41,028 INFO  DiscoveryClient:1008 - [] Single vip registry refresh property : null
2023-07-31 13:58:41,029 INFO  DiscoveryClient:1009 - [] Force full registry fetch : false
2023-07-31 13:58:41,029 INFO  DiscoveryClient:1010 - [] Application is null : false
2023-07-31 13:58:41,030 INFO  DiscoveryClient:1011 - [] Registered Applications size is zero : true
2023-07-31 13:58:41,030 INFO  DiscoveryClient:1013 - [] Application version is -1: true
2023-07-31 13:58:41,031 INFO  DiscoveryClient:1097 - [] Getting all instance registry info from the eureka server
2023-07-31 13:58:41,580 INFO  DiscoveryClient:1106 - [] The response status is 200
2023-07-31 13:58:41,587 INFO  DiscoveryClient:1321 - [] Starting heartbeat executor: renew interval is: 30
2023-07-31 13:58:41,592 INFO  InstanceInfoReplicator:60 - [] InstanceInfoReplicator onDemand update allowed rate per min is 4
2023-07-31 13:58:41,602 INFO  DiscoveryClient:492 - [] Discovery Client initialized at timestamp 1690792121601 with initial instances count: 6
2023-07-31 13:58:41,605 INFO  EurekaServiceRegistry:41 - [] Registering application FLIGHTDETAILS with eureka with status UP
2023-07-31 13:58:41,606 INFO  DiscoveryClient$3:1352 - [] Saw local status change event StatusChangeEvent [timestamp=1690792121606, current=UP, previous=STARTING]
2023-07-31 13:58:41,609 INFO  DiscoveryClient:873 - [] DiscoveryClient_FLIGHTDETAILS/LIN25004569.corp.capgemini.com:FlightDetails:8087: registering service...
2023-07-31 13:58:41,663 INFO  TomcatWebServer:220 - [] Tomcat started on port(s): 8087 (http) with context path ''
2023-07-31 13:58:41,664 INFO  EurekaAutoServiceRegistration:144 - [] Updating port to 8087
2023-07-31 13:58:41,678 INFO  DiscoveryClient:882 - [] DiscoveryClient_FLIGHTDETAILS/LIN25004569.corp.capgemini.com:FlightDetails:8087 - registration status: 204
2023-07-31 13:58:41,858 INFO  StartupInfoLogger:61 - [] Started FlightApplication in 8.541 seconds (JVM running for 9.451)
2023-07-31 14:01:01,911 INFO  StartupInfoLogger:55 - [] Starting FlightApplication using Java 17.0.7 on LIN25004569 with PID 10544 (C:\Users\SUMBARAS\Downloads\Backend\Backend\Flight\target\classes started by sumbaras in C:\Users\SUMBARAS\Downloads\Backend\Backend\Flight)
2023-07-31 14:01:01,916 INFO  SpringApplication:640 - [] No active profile set, falling back to 1 default profile: "default"
2023-07-31 14:01:02,012 INFO  DeferredLog:255 - [] Devtools property defaults active! Set 'spring.devtools.add-properties' to 'false' to disable
2023-07-31 14:01:02,013 INFO  DeferredLog:255 - [] For additional web related logging consider setting the 'logging.level.web' property to 'DEBUG'
2023-07-31 14:01:02,989 INFO  RepositoryConfigurationDelegate:132 - [] Bootstrapping Spring Data MongoDB repositories in DEFAULT mode.
2023-07-31 14:01:03,138 INFO  RepositoryConfigurationDelegate:201 - [] Finished Spring Data repository scanning in 142 ms. Found 1 MongoDB repository interfaces.
2023-07-31 14:01:03,485 INFO  GenericScope:283 - [] BeanFactory id=e5c7e306-2a6c-3cfc-a820-2c9d51aef022
2023-07-31 14:01:04,195 INFO  TomcatWebServer:108 - [] Tomcat initialized with port(s): 8087 (http)
2023-07-31 14:01:04,207 INFO  DirectJDKLog:173 - [] Starting service [Tomcat]
2023-07-31 14:01:04,208 INFO  DirectJDKLog:173 - [] Starting Servlet engine: [Apache Tomcat/9.0.62]
2023-07-31 14:01:04,335 INFO  DirectJDKLog:173 - [] Initializing Spring embedded WebApplicationContext
2023-07-31 14:01:04,337 INFO  ServletWebServerApplicationContext:290 - [] Root WebApplicationContext: initialization completed in 2323 ms
2023-07-31 14:01:04,529 INFO  SLF4JLogger:71 - [] Cluster created with settings {hosts=[localhost:27017], mode=SINGLE, requiredClusterType=UNKNOWN, serverSelectionTimeout='30000 ms'}
2023-07-31 14:01:04,627 INFO  SLF4JLogger:71 - [] Opened connection [connectionId{localValue:2, serverValue:102}] to localhost:27017
2023-07-31 14:01:04,627 INFO  SLF4JLogger:71 - [] Opened connection [connectionId{localValue:1, serverValue:103}] to localhost:27017
2023-07-31 14:01:04,627 INFO  SLF4JLogger:71 - [] Monitor thread successfully connected to server with description ServerDescription{address=localhost:27017, type=STANDALONE, state=CONNECTED, ok=true, minWireVersion=0, maxWireVersion=17, maxDocumentSize=16777216, logicalSessionTimeoutMinutes=30, roundTripTimeNanos=28931600}
2023-07-31 14:01:04,689 WARN  CustomConversions:261 - [] Registering converter from class java.time.LocalDateTime to class org.joda.time.LocalDateTime as reading converter although it doesn't convert from a store-supported type! You might want to check your annotation setup at the converter implementation.
2023-07-31 14:01:04,798 WARN  OptionalLiveReloadServer:61 - [] Unable to start LiveReload server
2023-07-31 14:01:04,881 WARN  CustomConversions:261 - [] Registering converter from class java.time.LocalDateTime to class org.joda.time.LocalDateTime as reading converter although it doesn't convert from a store-supported type! You might want to check your annotation setup at the converter implementation.
2023-07-31 14:01:06,715 INFO  DiscoveryClientOptionalArgsConfiguration:68 - [] Eureka HTTP Client uses RestTemplate.
2023-07-31 14:01:06,966 WARN  LoadBalancerCacheAutoConfiguration$LoadBalancerCaffeineWarnLogger:82 - [] Spring Cloud LoadBalancer is currently working with the default cache. While this cache implementation is useful for development and tests, it's recommended to use Caffeine cache in production.You can switch to using Caffeine cache, by adding it and org.springframework.cache.caffeine.CaffeineCacheManager to the classpath.
2023-07-31 14:01:06,999 INFO  InstanceInfoFactory:67 - [] Setting initial instance status as: STARTING
2023-07-31 14:01:07,130 INFO  DiscoveryClient:372 - [] Initializing Eureka in region us-east-1
2023-07-31 14:01:07,140 INFO  ConfigClusterResolver:43 - [] Resolving eureka endpoints via configuration
2023-07-31 14:01:07,182 INFO  DiscoveryClient:1007 - [] Disable delta property : false
2023-07-31 14:01:07,183 INFO  DiscoveryClient:1008 - [] Single vip registry refresh property : null
2023-07-31 14:01:07,184 INFO  DiscoveryClient:1009 - [] Force full registry fetch : false
2023-07-31 14:01:07,184 INFO  DiscoveryClient:1010 - [] Application is null : false
2023-07-31 14:01:07,184 INFO  DiscoveryClient:1011 - [] Registered Applications size is zero : true
2023-07-31 14:01:07,185 INFO  DiscoveryClient:1013 - [] Application version is -1: true
2023-07-31 14:01:07,185 INFO  DiscoveryClient:1097 - [] Getting all instance registry info from the eureka server
2023-07-31 14:01:07,675 INFO  DiscoveryClient:1106 - [] The response status is 200
2023-07-31 14:01:07,680 INFO  DiscoveryClient:1321 - [] Starting heartbeat executor: renew interval is: 30
2023-07-31 14:01:07,686 INFO  InstanceInfoReplicator:60 - [] InstanceInfoReplicator onDemand update allowed rate per min is 4
2023-07-31 14:01:07,693 INFO  DiscoveryClient:492 - [] Discovery Client initialized at timestamp 1690792267692 with initial instances count: 1
2023-07-31 14:01:07,696 INFO  EurekaServiceRegistry:41 - [] Registering application FLIGHTDETAILS with eureka with status UP
2023-07-31 14:01:07,697 INFO  DiscoveryClient$3:1352 - [] Saw local status change event StatusChangeEvent [timestamp=1690792267697, current=UP, previous=STARTING]
2023-07-31 14:01:07,701 INFO  DiscoveryClient:873 - [] DiscoveryClient_FLIGHTDETAILS/LIN25004569.corp.capgemini.com:FlightDetails:8087: registering service...
2023-07-31 14:01:07,754 INFO  TomcatWebServer:220 - [] Tomcat started on port(s): 8087 (http) with context path ''
2023-07-31 14:01:07,755 INFO  EurekaAutoServiceRegistration:144 - [] Updating port to 8087
2023-07-31 14:01:07,780 INFO  DiscoveryClient:882 - [] DiscoveryClient_FLIGHTDETAILS/LIN25004569.corp.capgemini.com:FlightDetails:8087 - registration status: 204
2023-07-31 14:01:07,936 INFO  StartupInfoLogger:61 - [] Started FlightApplication in 6.726 seconds (JVM running for 7.525)
2023-07-31 14:06:07,196 INFO  ConfigClusterResolver:43 - [] Resolving eureka endpoints via configuration
2023-07-31 14:11:07,201 INFO  ConfigClusterResolver:43 - [] Resolving eureka endpoints via configuration
2023-07-31 14:16:07,211 INFO  ConfigClusterResolver:43 - [] Resolving eureka endpoints via configuration
2023-07-31 14:21:07,223 INFO  ConfigClusterResolver:43 - [] Resolving eureka endpoints via configuration
2023-07-31 14:26:07,230 INFO  ConfigClusterResolver:43 - [] Resolving eureka endpoints via configuration
2023-07-31 14:31:07,239 INFO  ConfigClusterResolver:43 - [] Resolving eureka endpoints via configuration
2023-07-31 14:36:07,249 INFO  ConfigClusterResolver:43 - [] Resolving eureka endpoints via configuration
2023-07-31 14:41:07,254 INFO  ConfigClusterResolver:43 - [] Resolving eureka endpoints via configuration
2023-07-31 14:44:26,211 INFO  EurekaServiceRegistry:62 - [] Unregistering application FLIGHTDETAILS with eureka with status DOWN
2023-07-31 14:44:26,212 INFO  DiscoveryClient$3:1352 - [] Saw local status change event StatusChangeEvent [timestamp=1690794866212, current=DOWN, previous=UP]
2023-07-31 14:44:26,212 INFO  DiscoveryClient:873 - [] DiscoveryClient_FLIGHTDETAILS/LIN25004569.corp.capgemini.com:FlightDetails:8087: registering service...
2023-07-31 14:44:26,222 INFO  DiscoveryClient:882 - [] DiscoveryClient_FLIGHTDETAILS/LIN25004569.corp.capgemini.com:FlightDetails:8087 - registration status: 204
2023-07-31 14:44:26,249 INFO  DiscoveryClient:935 - [] Shutting down DiscoveryClient ...
2023-07-31 14:44:29,264 INFO  DiscoveryClient:971 - [] Unregistering ...
2023-07-31 14:44:29,273 INFO  DiscoveryClient:973 - [] DiscoveryClient_FLIGHTDETAILS/LIN25004569.corp.capgemini.com:FlightDetails:8087 - deregister  status: 200
2023-07-31 14:44:29,280 INFO  DiscoveryClient:960 - [] Completed shut down of DiscoveryClient
2023-07-31 14:44:29,569 INFO  StartupInfoLogger:55 - [] Starting FlightApplication using Java 17.0.7 on LIN25004569 with PID 10544 (C:\Users\SUMBARAS\Downloads\Backend\Backend\Flight\target\classes started by sumbaras in C:\Users\SUMBARAS\Downloads\Backend\Backend\Flight)
2023-07-31 14:44:29,570 INFO  SpringApplication:640 - [] No active profile set, falling back to 1 default profile: "default"
2023-07-31 14:44:29,939 INFO  RepositoryConfigurationDelegate:132 - [] Bootstrapping Spring Data MongoDB repositories in DEFAULT mode.
2023-07-31 14:44:29,957 INFO  RepositoryConfigurationDelegate:201 - [] Finished Spring Data repository scanning in 17 ms. Found 1 MongoDB repository interfaces.
2023-07-31 14:44:30,104 INFO  GenericScope:283 - [] BeanFactory id=e5c7e306-2a6c-3cfc-a820-2c9d51aef022
2023-07-31 14:44:30,180 INFO  TomcatWebServer:108 - [] Tomcat initialized with port(s): 8087 (http)
2023-07-31 14:44:30,182 INFO  DirectJDKLog:173 - [] Starting service [Tomcat]
2023-07-31 14:44:30,182 INFO  DirectJDKLog:173 - [] Starting Servlet engine: [Apache Tomcat/9.0.62]
2023-07-31 14:44:30,228 INFO  DirectJDKLog:173 - [] Initializing Spring embedded WebApplicationContext
2023-07-31 14:44:30,229 INFO  ServletWebServerApplicationContext:290 - [] Root WebApplicationContext: initialization completed in 655 ms
2023-07-31 14:44:30,259 INFO  SLF4JLogger:71 - [] Cluster created with settings {hosts=[localhost:27017], mode=SINGLE, requiredClusterType=UNKNOWN, serverSelectionTimeout='30000 ms'}
2023-07-31 14:44:30,271 INFO  SLF4JLogger:71 - [] Opened connection [connectionId{localValue:4, serverValue:104}] to localhost:27017
2023-07-31 14:44:30,273 INFO  SLF4JLogger:71 - [] Opened connection [connectionId{localValue:3, serverValue:105}] to localhost:27017
2023-07-31 14:44:30,273 WARN  CustomConversions:261 - [] Registering converter from class java.time.LocalDateTime to class org.joda.time.LocalDateTime as reading converter although it doesn't convert from a store-supported type! You might want to check your annotation setup at the converter implementation.
2023-07-31 14:44:30,273 INFO  SLF4JLogger:71 - [] Monitor thread successfully connected to server with description ServerDescription{address=localhost:27017, type=STANDALONE, state=CONNECTED, ok=true, minWireVersion=0, maxWireVersion=17, maxDocumentSize=16777216, logicalSessionTimeoutMinutes=30, roundTripTimeNanos=5101800}
2023-07-31 14:44:30,295 WARN  OptionalLiveReloadServer:61 - [] Unable to start LiveReload server
2023-07-31 14:44:30,327 WARN  CustomConversions:261 - [] Registering converter from class java.time.LocalDateTime to class org.joda.time.LocalDateTime as reading converter although it doesn't convert from a store-supported type! You might want to check your annotation setup at the converter implementation.
2023-07-31 14:44:31,171 INFO  DiscoveryClientOptionalArgsConfiguration:68 - [] Eureka HTTP Client uses RestTemplate.
2023-07-31 14:44:31,352 WARN  LoadBalancerCacheAutoConfiguration$LoadBalancerCaffeineWarnLogger:82 - [] Spring Cloud LoadBalancer is currently working with the default cache. While this cache implementation is useful for development and tests, it's recommended to use Caffeine cache in production.You can switch to using Caffeine cache, by adding it and org.springframework.cache.caffeine.CaffeineCacheManager to the classpath.
2023-07-31 14:44:31,369 INFO  InstanceInfoFactory:67 - [] Setting initial instance status as: STARTING
2023-07-31 14:44:31,375 INFO  DiscoveryClient:372 - [] Initializing Eureka in region us-east-1
2023-07-31 14:44:31,376 INFO  ConfigClusterResolver:43 - [] Resolving eureka endpoints via configuration
2023-07-31 14:44:31,389 INFO  DiscoveryClient:1007 - [] Disable delta property : false
2023-07-31 14:44:31,389 INFO  DiscoveryClient:1008 - [] Single vip registry refresh property : null
2023-07-31 14:44:31,390 INFO  DiscoveryClient:1009 - [] Force full registry fetch : false
2023-07-31 14:44:31,390 INFO  DiscoveryClient:1010 - [] Application is null : false
2023-07-31 14:44:31,391 INFO  DiscoveryClient:1011 - [] Registered Applications size is zero : true
2023-07-31 14:44:31,391 INFO  DiscoveryClient:1013 - [] Application version is -1: true
2023-07-31 14:44:31,392 INFO  DiscoveryClient:1097 - [] Getting all instance registry info from the eureka server
2023-07-31 14:44:31,427 INFO  DiscoveryClient:1106 - [] The response status is 200
2023-07-31 14:44:31,428 INFO  DiscoveryClient:1321 - [] Starting heartbeat executor: renew interval is: 30
2023-07-31 14:44:31,430 INFO  InstanceInfoReplicator:60 - [] InstanceInfoReplicator onDemand update allowed rate per min is 4
2023-07-31 14:44:31,433 INFO  DiscoveryClient:492 - [] Discovery Client initialized at timestamp 1690794871433 with initial instances count: 1
2023-07-31 14:44:31,435 INFO  EurekaServiceRegistry:41 - [] Registering application FLIGHTDETAILS with eureka with status UP
2023-07-31 14:44:31,436 INFO  DiscoveryClient$3:1352 - [] Saw local status change event StatusChangeEvent [timestamp=1690794871436, current=UP, previous=STARTING]
2023-07-31 14:44:31,438 INFO  DiscoveryClient:873 - [] DiscoveryClient_FLIGHTDETAILS/LIN25004569.corp.capgemini.com:FlightDetails:8087: registering service...
2023-07-31 14:44:31,451 INFO  TomcatWebServer:220 - [] Tomcat started on port(s): 8087 (http) with context path ''
2023-07-31 14:44:31,453 INFO  EurekaAutoServiceRegistration:144 - [] Updating port to 8087
2023-07-31 14:44:31,460 INFO  DiscoveryClient:882 - [] DiscoveryClient_FLIGHTDETAILS/LIN25004569.corp.capgemini.com:FlightDetails:8087 - registration status: 204
2023-07-31 14:44:31,610 INFO  StartupInfoLogger:61 - [] Started FlightApplication in 2.226 seconds (JVM running for 2611.2)
2023-07-31 14:44:31,613 INFO  ConditionEvaluationDeltaLoggingListener:63 - [] Condition evaluation unchanged
2023-07-31 14:49:31,402 INFO  ConfigClusterResolver:43 - [] Resolving eureka endpoints via configuration
2023-07-31 14:51:12,502 INFO  StartupInfoLogger:55 - [] Starting FlightApplication using Java 17.0.7 on LIN25004569 with PID 13456 (C:\Users\SUMBARAS\Downloads\Backend\Backend\Flight\target\classes started by sumbaras in C:\Users\SUMBARAS\Downloads\Backend\Backend\Flight)
2023-07-31 14:51:12,505 INFO  SpringApplication:640 - [] No active profile set, falling back to 1 default profile: "default"
2023-07-31 14:51:12,614 INFO  DeferredLog:255 - [] Devtools property defaults active! Set 'spring.devtools.add-properties' to 'false' to disable
2023-07-31 14:51:12,615 INFO  DeferredLog:255 - [] For additional web related logging consider setting the 'logging.level.web' property to 'DEBUG'
2023-07-31 14:51:14,024 INFO  RepositoryConfigurationDelegate:132 - [] Bootstrapping Spring Data MongoDB repositories in DEFAULT mode.
2023-07-31 14:51:14,214 INFO  RepositoryConfigurationDelegate:201 - [] Finished Spring Data repository scanning in 181 ms. Found 1 MongoDB repository interfaces.
2023-07-31 14:51:14,608 INFO  GenericScope:283 - [] BeanFactory id=e5c7e306-2a6c-3cfc-a820-2c9d51aef022
2023-07-31 14:51:15,500 INFO  TomcatWebServer:108 - [] Tomcat initialized with port(s): 8087 (http)
2023-07-31 14:51:15,516 INFO  DirectJDKLog:173 - [] Starting service [Tomcat]
2023-07-31 14:51:15,518 INFO  DirectJDKLog:173 - [] Starting Servlet engine: [Apache Tomcat/9.0.62]
2023-07-31 14:51:15,672 INFO  DirectJDKLog:173 - [] Initializing Spring embedded WebApplicationContext
2023-07-31 14:51:15,672 INFO  ServletWebServerApplicationContext:290 - [] Root WebApplicationContext: initialization completed in 3056 ms
2023-07-31 14:51:15,920 INFO  SLF4JLogger:71 - [] Cluster created with settings {hosts=[localhost:27017], mode=SINGLE, requiredClusterType=UNKNOWN, serverSelectionTimeout='30000 ms'}
2023-07-31 14:51:16,049 INFO  SLF4JLogger:71 - [] Opened connection [connectionId{localValue:1, serverValue:121}] to localhost:27017
2023-07-31 14:51:16,049 INFO  SLF4JLogger:71 - [] Opened connection [connectionId{localValue:2, serverValue:122}] to localhost:27017
2023-07-31 14:51:16,050 INFO  SLF4JLogger:71 - [] Monitor thread successfully connected to server with description ServerDescription{address=localhost:27017, type=STANDALONE, state=CONNECTED, ok=true, minWireVersion=0, maxWireVersion=17, maxDocumentSize=16777216, logicalSessionTimeoutMinutes=30, roundTripTimeNanos=36183800}
2023-07-31 14:51:16,120 WARN  CustomConversions:261 - [] Registering converter from class java.time.LocalDateTime to class org.joda.time.LocalDateTime as reading converter although it doesn't convert from a store-supported type! You might want to check your annotation setup at the converter implementation.
2023-07-31 14:51:16,247 WARN  OptionalLiveReloadServer:61 - [] Unable to start LiveReload server
2023-07-31 14:51:16,344 WARN  CustomConversions:261 - [] Registering converter from class java.time.LocalDateTime to class org.joda.time.LocalDateTime as reading converter although it doesn't convert from a store-supported type! You might want to check your annotation setup at the converter implementation.
2023-07-31 14:51:18,451 INFO  DiscoveryClientOptionalArgsConfiguration:68 - [] Eureka HTTP Client uses RestTemplate.
2023-07-31 14:51:18,747 WARN  LoadBalancerCacheAutoConfiguration$LoadBalancerCaffeineWarnLogger:82 - [] Spring Cloud LoadBalancer is currently working with the default cache. While this cache implementation is useful for development and tests, it's recommended to use Caffeine cache in production.You can switch to using Caffeine cache, by adding it and org.springframework.cache.caffeine.CaffeineCacheManager to the classpath.
2023-07-31 14:51:18,792 INFO  InstanceInfoFactory:67 - [] Setting initial instance status as: STARTING
2023-07-31 14:51:18,979 INFO  DiscoveryClient:372 - [] Initializing Eureka in region us-east-1
2023-07-31 14:51:18,993 INFO  ConfigClusterResolver:43 - [] Resolving eureka endpoints via configuration
2023-07-31 14:51:19,054 INFO  DiscoveryClient:1007 - [] Disable delta property : false
2023-07-31 14:51:19,055 INFO  DiscoveryClient:1008 - [] Single vip registry refresh property : null
2023-07-31 14:51:19,056 INFO  DiscoveryClient:1009 - [] Force full registry fetch : false
2023-07-31 14:51:19,056 INFO  DiscoveryClient:1010 - [] Application is null : false
2023-07-31 14:51:19,058 INFO  DiscoveryClient:1011 - [] Registered Applications size is zero : true
2023-07-31 14:51:19,059 INFO  DiscoveryClient:1013 - [] Application version is -1: true
2023-07-31 14:51:19,059 INFO  DiscoveryClient:1097 - [] Getting all instance registry info from the eureka server
2023-07-31 14:51:19,706 INFO  DiscoveryClient:1106 - [] The response status is 200
2023-07-31 14:51:19,712 INFO  DiscoveryClient:1321 - [] Starting heartbeat executor: renew interval is: 30
2023-07-31 14:51:19,718 INFO  InstanceInfoReplicator:60 - [] InstanceInfoReplicator onDemand update allowed rate per min is 4
2023-07-31 14:51:19,726 INFO  DiscoveryClient:492 - [] Discovery Client initialized at timestamp 1690795279725 with initial instances count: 1
2023-07-31 14:51:19,729 INFO  EurekaServiceRegistry:41 - [] Registering application FLIGHTDETAILS with eureka with status UP
2023-07-31 14:51:19,730 INFO  DiscoveryClient$3:1352 - [] Saw local status change event StatusChangeEvent [timestamp=1690795279730, current=UP, previous=STARTING]
2023-07-31 14:51:19,734 INFO  DiscoveryClient:873 - [] DiscoveryClient_FLIGHTDETAILS/LIN25004569.corp.capgemini.com:FlightDetails:8087: registering service...
2023-07-31 14:51:19,795 INFO  TomcatWebServer:220 - [] Tomcat started on port(s): 8087 (http) with context path ''
2023-07-31 14:51:19,799 INFO  EurekaAutoServiceRegistration:144 - [] Updating port to 8087
2023-07-31 14:51:19,852 INFO  DiscoveryClient:882 - [] DiscoveryClient_FLIGHTDETAILS/LIN25004569.corp.capgemini.com:FlightDetails:8087 - registration status: 204
2023-07-31 14:51:20,077 INFO  StartupInfoLogger:61 - [] Started FlightApplication in 8.408 seconds (JVM running for 9.324)
2023-07-31 14:54:58,177 INFO  DirectJDKLog:173 - [] Initializing Spring DispatcherServlet 'dispatcherServlet'
2023-07-31 14:54:58,179 INFO  FrameworkServlet:525 - [] Initializing Servlet 'dispatcherServlet'
2023-07-31 14:54:58,182 INFO  FrameworkServlet:547 - [] Completed initialization in 3 ms
2023-07-31 14:54:58,272 INFO  FlightController:57 - [] [viewallflights] info message added
2023-07-31 14:54:58,274 DEBUG FlightController:58 - [] [viewallflights] debug message added
2023-07-31 14:54:58,395 INFO  SLF4JLogger:71 - [] Opened connection [connectionId{localValue:3, serverValue:130}] to localhost:27017
2023-07-31 14:55:05,547 INFO  FlightController:69 - [] [viewflightbyno/flightId] info message added
2023-07-31 14:55:05,548 DEBUG FlightController:70 - [] [viewflightbyno/flightId] debug message added
2023-07-31 14:56:19,077 INFO  ConfigClusterResolver:43 - [] Resolving eureka endpoints via configuration
2023-07-31 14:57:09,670 INFO  FlightController:57 - [] [viewallflights] info message added
2023-07-31 14:57:09,672 DEBUG FlightController:58 - [] [viewallflights] debug message added
2023-07-31 14:57:15,672 INFO  FlightController:57 - [] [viewallflights] info message added
2023-07-31 14:57:15,672 DEBUG FlightController:58 - [] [viewallflights] debug message added
2023-07-31 14:57:28,964 INFO  FlightController:57 - [] [viewallflights] info message added
2023-07-31 14:57:28,966 DEBUG FlightController:58 - [] [viewallflights] debug message added
2023-07-31 14:58:00,826 INFO  FlightController:93 - [] [updateflight/flightId] info message added
2023-07-31 14:58:00,828 DEBUG FlightController:94 - [] [updateflight/flightId] debug message added
2023-07-31 14:58:03,291 INFO  FlightController:57 - [] [viewallflights] info message added
2023-07-31 14:58:03,292 DEBUG FlightController:58 - [] [viewallflights] debug message added
2023-07-31 14:58:22,059 INFO  FlightController:57 - [] [viewallflights] info message added
2023-07-31 14:58:22,060 DEBUG FlightController:58 - [] [viewallflights] debug message added
2023-07-31 14:58:31,776 INFO  FlightController:57 - [] [viewallflights] info message added
2023-07-31 14:58:31,778 DEBUG FlightController:58 - [] [viewallflights] debug message added
2023-07-31 14:59:04,721 INFO  FlightController:57 - [] [viewallflights] info message added
2023-07-31 14:59:04,722 DEBUG FlightController:58 - [] [viewallflights] debug message added
2023-07-31 14:59:08,187 INFO  FlightController:108 - [] [deleteflight/flightId] info message added
2023-07-31 14:59:08,188 DEBUG FlightController:109 - [] [deleteflight/flightId] debug message added
2023-07-31 15:01:19,081 INFO  ConfigClusterResolver:43 - [] Resolving eureka endpoints via configuration
2023-07-31 15:06:19,091 INFO  ConfigClusterResolver:43 - [] Resolving eureka endpoints via configuration
2023-07-31 15:11:19,100 INFO  ConfigClusterResolver:43 - [] Resolving eureka endpoints via configuration
2023-07-31 15:16:19,105 INFO  ConfigClusterResolver:43 - [] Resolving eureka endpoints via configuration
2023-07-31 15:21:19,112 INFO  ConfigClusterResolver:43 - [] Resolving eureka endpoints via configuration
2023-07-31 15:26:19,119 INFO  ConfigClusterResolver:43 - [] Resolving eureka endpoints via configuration
2023-07-31 15:31:19,125 INFO  ConfigClusterResolver:43 - [] Resolving eureka endpoints via configuration
2023-07-31 15:36:19,136 INFO  ConfigClusterResolver:43 - [] Resolving eureka endpoints via configuration
2023-07-31 15:41:19,144 INFO  ConfigClusterResolver:43 - [] Resolving eureka endpoints via configuration
2023-07-31 15:46:19,154 INFO  ConfigClusterResolver:43 - [] Resolving eureka endpoints via configuration
2023-07-31 15:51:19,160 INFO  ConfigClusterResolver:43 - [] Resolving eureka endpoints via configuration
2023-07-31 15:56:19,175 INFO  ConfigClusterResolver:43 - [] Resolving eureka endpoints via configuration
2023-07-31 16:01:19,187 INFO  ConfigClusterResolver:43 - [] Resolving eureka endpoints via configuration
2023-07-31 16:06:19,192 INFO  ConfigClusterResolver:43 - [] Resolving eureka endpoints via configuration
2023-07-31 16:11:19,203 INFO  ConfigClusterResolver:43 - [] Resolving eureka endpoints via configuration
2023-07-31 16:16:19,219 INFO  ConfigClusterResolver:43 - [] Resolving eureka endpoints via configuration
2023-07-31 16:21:19,229 INFO  ConfigClusterResolver:43 - [] Resolving eureka endpoints via configuration
2023-07-31 16:30:21,308 INFO  ConfigClusterResolver:43 - [] Resolving eureka endpoints via configuration
2023-07-31 16:35:21,318 INFO  ConfigClusterResolver:43 - [] Resolving eureka endpoints via configuration
2023-07-31 16:40:21,246 INFO  ConfigClusterResolver:43 - [] Resolving eureka endpoints via configuration
2023-07-31 16:45:21,063 INFO  ConfigClusterResolver:43 - [] Resolving eureka endpoints via configuration
2023-07-31 17:53:35,908 INFO  StartupInfoLogger:55 - [] Starting FlightApplication using Java 17.0.7 on LIN25004569 with PID 13568 (C:\Users\SUMBARAS\Downloads\Backend\Backend\Flight\target\classes started by sumbaras in C:\Users\SUMBARAS\Downloads\Backend\Backend\Flight)
2023-07-31 17:53:35,912 INFO  SpringApplication:640 - [] No active profile set, falling back to 1 default profile: "default"
2023-07-31 17:53:36,034 INFO  DeferredLog:255 - [] Devtools property defaults active! Set 'spring.devtools.add-properties' to 'false' to disable
2023-07-31 17:53:36,035 INFO  DeferredLog:255 - [] For additional web related logging consider setting the 'logging.level.web' property to 'DEBUG'
2023-07-31 17:53:37,422 INFO  RepositoryConfigurationDelegate:132 - [] Bootstrapping Spring Data MongoDB repositories in DEFAULT mode.
2023-07-31 17:53:37,647 INFO  RepositoryConfigurationDelegate:201 - [] Finished Spring Data repository scanning in 214 ms. Found 1 MongoDB repository interfaces.
2023-07-31 17:53:38,147 INFO  GenericScope:283 - [] BeanFactory id=e5c7e306-2a6c-3cfc-a820-2c9d51aef022
2023-07-31 17:53:39,171 INFO  TomcatWebServer:108 - [] Tomcat initialized with port(s): 8087 (http)
2023-07-31 17:53:39,193 INFO  DirectJDKLog:173 - [] Starting service [Tomcat]
2023-07-31 17:53:39,194 INFO  DirectJDKLog:173 - [] Starting Servlet engine: [Apache Tomcat/9.0.62]
2023-07-31 17:53:39,399 INFO  DirectJDKLog:173 - [] Initializing Spring embedded WebApplicationContext
2023-07-31 17:53:39,400 INFO  ServletWebServerApplicationContext:290 - [] Root WebApplicationContext: initialization completed in 3363 ms
2023-07-31 17:53:39,645 INFO  SLF4JLogger:71 - [] Cluster created with settings {hosts=[localhost:27017], mode=SINGLE, requiredClusterType=UNKNOWN, serverSelectionTimeout='30000 ms'}
2023-07-31 17:53:39,757 INFO  SLF4JLogger:71 - [] Opened connection [connectionId{localValue:2, serverValue:151}] to localhost:27017
2023-07-31 17:53:39,757 INFO  SLF4JLogger:71 - [] Opened connection [connectionId{localValue:1, serverValue:150}] to localhost:27017
2023-07-31 17:53:39,759 INFO  SLF4JLogger:71 - [] Monitor thread successfully connected to server with description ServerDescription{address=localhost:27017, type=STANDALONE, state=CONNECTED, ok=true, minWireVersion=0, maxWireVersion=17, maxDocumentSize=16777216, logicalSessionTimeoutMinutes=30, roundTripTimeNanos=34729200}
2023-07-31 17:53:39,852 WARN  CustomConversions:261 - [] Registering converter from class java.time.LocalDateTime to class org.joda.time.LocalDateTime as reading converter although it doesn't convert from a store-supported type! You might want to check your annotation setup at the converter implementation.
2023-07-31 17:53:39,991 WARN  OptionalLiveReloadServer:61 - [] Unable to start LiveReload server
2023-07-31 17:53:40,138 WARN  CustomConversions:261 - [] Registering converter from class java.time.LocalDateTime to class org.joda.time.LocalDateTime as reading converter although it doesn't convert from a store-supported type! You might want to check your annotation setup at the converter implementation.
2023-07-31 17:53:42,544 INFO  DiscoveryClientOptionalArgsConfiguration:68 - [] Eureka HTTP Client uses RestTemplate.
2023-07-31 17:53:42,860 WARN  LoadBalancerCacheAutoConfiguration$LoadBalancerCaffeineWarnLogger:82 - [] Spring Cloud LoadBalancer is currently working with the default cache. While this cache implementation is useful for development and tests, it's recommended to use Caffeine cache in production.You can switch to using Caffeine cache, by adding it and org.springframework.cache.caffeine.CaffeineCacheManager to the classpath.
2023-07-31 17:53:42,909 INFO  InstanceInfoFactory:67 - [] Setting initial instance status as: STARTING
2023-07-31 17:53:43,083 INFO  DiscoveryClient:372 - [] Initializing Eureka in region us-east-1
2023-07-31 17:53:43,098 INFO  ConfigClusterResolver:43 - [] Resolving eureka endpoints via configuration
2023-07-31 17:53:43,152 INFO  DiscoveryClient:1007 - [] Disable delta property : false
2023-07-31 17:53:43,153 INFO  DiscoveryClient:1008 - [] Single vip registry refresh property : null
2023-07-31 17:53:43,157 INFO  DiscoveryClient:1009 - [] Force full registry fetch : false
2023-07-31 17:53:43,158 INFO  DiscoveryClient:1010 - [] Application is null : false
2023-07-31 17:53:43,160 INFO  DiscoveryClient:1011 - [] Registered Applications size is zero : true
2023-07-31 17:53:43,161 INFO  DiscoveryClient:1013 - [] Application version is -1: true
2023-07-31 17:53:43,163 INFO  DiscoveryClient:1097 - [] Getting all instance registry info from the eureka server
2023-07-31 17:53:43,820 INFO  DiscoveryClient:1106 - [] The response status is 200
2023-07-31 17:53:43,826 INFO  DiscoveryClient:1321 - [] Starting heartbeat executor: renew interval is: 30
2023-07-31 17:53:43,834 INFO  InstanceInfoReplicator:60 - [] InstanceInfoReplicator onDemand update allowed rate per min is 4
2023-07-31 17:53:43,845 INFO  DiscoveryClient:492 - [] Discovery Client initialized at timestamp 1690806223844 with initial instances count: 2
2023-07-31 17:53:43,849 INFO  EurekaServiceRegistry:41 - [] Registering application FLIGHTDETAILS with eureka with status UP
2023-07-31 17:53:43,851 INFO  DiscoveryClient$3:1352 - [] Saw local status change event StatusChangeEvent [timestamp=1690806223851, current=UP, previous=STARTING]
2023-07-31 17:53:43,855 INFO  DiscoveryClient:873 - [] DiscoveryClient_FLIGHTDETAILS/LIN25004569.corp.capgemini.com:FlightDetails:8087: registering service...
2023-07-31 17:53:43,920 INFO  TomcatWebServer:220 - [] Tomcat started on port(s): 8087 (http) with context path ''
2023-07-31 17:53:43,923 INFO  EurekaAutoServiceRegistration:144 - [] Updating port to 8087
2023-07-31 17:53:43,941 INFO  DiscoveryClient:882 - [] DiscoveryClient_FLIGHTDETAILS/LIN25004569.corp.capgemini.com:FlightDetails:8087 - registration status: 204
2023-07-31 17:53:44,167 INFO  StartupInfoLogger:61 - [] Started FlightApplication in 9.261 seconds (JVM running for 10.296)
2023-07-31 17:56:04,847 INFO  DirectJDKLog:173 - [] Initializing Spring DispatcherServlet 'dispatcherServlet'
2023-07-31 17:56:04,848 INFO  FrameworkServlet:525 - [] Initializing Servlet 'dispatcherServlet'
2023-07-31 17:56:04,851 INFO  FrameworkServlet:547 - [] Completed initialization in 3 ms
2023-07-31 17:56:05,015 INFO  FlightController:57 - [] [viewallflights] info message added
2023-07-31 17:56:05,016 DEBUG FlightController:58 - [] [viewallflights] debug message added
2023-07-31 17:56:05,206 INFO  SLF4JLogger:71 - [] Opened connection [connectionId{localValue:3, serverValue:159}] to localhost:27017
2023-07-31 17:56:31,213 INFO  FlightController:57 - [] [viewallflights] info message added
2023-07-31 17:56:31,213 DEBUG FlightController:58 - [] [viewallflights] debug message added
2023-07-31 17:56:59,457 INFO  FlightController:118 - [] [findto/source/destination] info message added
2023-07-31 17:56:59,457 DEBUG FlightController:119 - [] [findto/source/destination] debug message added
2023-07-31 17:58:43,174 INFO  ConfigClusterResolver:43 - [] Resolving eureka endpoints via configuration
